#
# A fatal error has been detected by the Java Runtime Environment:
#
#  SIGSEGV (0xb) at pc=0x00007ff81391901f, pid=13034, tid=140555
#
# JRE version: OpenJDK Runtime Environment Corretto-18.0.2.9.1 (18.0.2+9) (build 18.0.2+9-FR)
# Java VM: OpenJDK 64-Bit Server VM Corretto-18.0.2.9.1 (18.0.2+9-FR, mixed mode, sharing, tiered, compressed oops, compressed class ptrs, g1 gc, bsd-amd64)
# Problematic frame:
# C  [libobjc.A.dylib+0x901f]  objc_release+0x1f
#
# No core dump will be written. Core dumps have been disabled. To enable core dumping, try "ulimit -c unlimited" before starting Java again
#
# If you would like to submit a bug report, please visit:
#   https://github.com/corretto/corretto-18/issues/
# The crash happened outside the Java Virtual Machine in native code.
# See problematic frame for where to report the bug.
#

---------------  S U M M A R Y ------------

Command Line: -javaagent:/Applications/IntelliJ IDEA.app/Contents/lib/idea_rt.jar=52320:/Applications/IntelliJ IDEA.app/Contents/bin -Dfile.encoding=UTF-8 dk.sdu.mmmi.cbse.main.Main

Host: "MacBookAir7,2" x86_64 1800 MHz, 4 cores, 8G, Darwin 21.6.0, macOS 12.6.3 (21G419)
Time: Fri May 19 15:49:45 2023 CEST elapsed time: 2.553790 seconds (0d 0h 0m 2s)

---------------  T H R E A D  ---------------

Current thread (0x00007fbb799b4600):  JavaThread "LWJGL Application" [_thread_in_native, id=140555, stack(0x000070000ac91000,0x000070000ad91000)]

Stack: [0x000070000ac91000,0x000070000ad91000],  sp=0x000070000ad90428,  free space=1021k
Native frames: (J=compiled Java code, j=interpreted, Vv=VM code, C=native code)
C  [libobjc.A.dylib+0x901f]  objc_release+0x1f
C  [libobjc.A.dylib+0x9f5f]  objc_autoreleasePoolPop+0xa8
C  [CoreFoundation+0x41bca]  _CFAutoreleasePoolPop+0x16
C  [Foundation+0x1ec01]  -[NSAutoreleasePool release]+0x85
C  [liblwjgl.dylib+0x16cce]  Java_org_lwjgl_opengl_MacOSXContextImplementation_setView+0x10e
j  org.lwjgl.opengl.MacOSXContextImplementation.setView(Ljava/nio/ByteBuffer;Ljava/nio/ByteBuffer;)V+0
j  org.lwjgl.opengl.MacOSXContextImplementation.makeCurrent(Lorg/lwjgl/opengl/PeerInfo;Ljava/nio/ByteBuffer;)V+7
j  org.lwjgl.opengl.ContextGL.makeCurrent()V+46
j  org.lwjgl.opengl.DrawableGL.makeCurrent()V+14
j  org.lwjgl.opengl.Display.makeCurrent()V+3
j  org.lwjgl.opengl.Display.makeCurrentAndSetSwapInterval()V+0
j  org.lwjgl.opengl.Display.create(Lorg/lwjgl/opengl/PixelFormat;Lorg/lwjgl/opengl/Drawable;Lorg/lwjgl/opengl/ContextAttribs;)V+108
j  org.lwjgl.opengl.Display.create(Lorg/lwjgl/opengl/PixelFormat;)V+12
j  com.badlogic.gdx.backends.lwjgl.LwjglGraphics.createDisplayPixelFormat(ZII)V+243
j  com.badlogic.gdx.backends.lwjgl.LwjglGraphics.setupDisplay()V+594
j  com.badlogic.gdx.backends.lwjgl.LwjglApplication.mainLoop()V+9
j  com.badlogic.gdx.backends.lwjgl.LwjglApplication$1.run()V+27
v  ~StubRoutines::call_stub
V  [libjvm.dylib+0x52d5b2]  _ZN9JavaCalls11call_helperEP9JavaValueRK12methodHandleP17JavaCallArgumentsP10JavaThread+0x2a2
V  [libjvm.dylib+0x52c6f5]  _ZN9JavaCalls12call_virtualEP9JavaValueP5KlassP6SymbolS5_P17JavaCallArgumentsP10JavaThread+0xf5
V  [libjvm.dylib+0x52c7b3]  _ZN9JavaCalls12call_virtualEP9JavaValue6HandleP5KlassP6SymbolS6_P10JavaThread+0x63
V  [libjvm.dylib+0x5d2ba8]  _ZL12thread_entryP10JavaThreadS0_+0x98
V  [libjvm.dylib+0xa7bcbd]  _ZN10JavaThread17thread_main_innerEv+0xbd
V  [libjvm.dylib+0xa7a25f]  _ZN6Thread8call_runEv+0xbf
V  [libjvm.dylib+0x8a70c8]  _ZL19thread_native_entryP6Thread+0x148
C  [libsystem_pthread.dylib+0x64e1]  _pthread_start+0x7d
C  [libsystem_pthread.dylib+0x1f6b]  thread_start+0xf

Java frames: (J=compiled Java code, j=interpreted, Vv=VM code)
j  org.lwjgl.opengl.MacOSXContextImplementation.setView(Ljava/nio/ByteBuffer;Ljava/nio/ByteBuffer;)V+0
j  org.lwjgl.opengl.MacOSXContextImplementation.makeCurrent(Lorg/lwjgl/opengl/PeerInfo;Ljava/nio/ByteBuffer;)V+7
j  org.lwjgl.opengl.ContextGL.makeCurrent()V+46
j  org.lwjgl.opengl.DrawableGL.makeCurrent()V+14
j  org.lwjgl.opengl.Display.makeCurrent()V+3
j  org.lwjgl.opengl.Display.makeCurrentAndSetSwapInterval()V+0
j  org.lwjgl.opengl.Display.create(Lorg/lwjgl/opengl/PixelFormat;Lorg/lwjgl/opengl/Drawable;Lorg/lwjgl/opengl/ContextAttribs;)V+108
j  org.lwjgl.opengl.Display.create(Lorg/lwjgl/opengl/PixelFormat;)V+12
j  com.badlogic.gdx.backends.lwjgl.LwjglGraphics.createDisplayPixelFormat(ZII)V+243
j  com.badlogic.gdx.backends.lwjgl.LwjglGraphics.setupDisplay()V+594
j  com.badlogic.gdx.backends.lwjgl.LwjglApplication.mainLoop()V+9
j  com.badlogic.gdx.backends.lwjgl.LwjglApplication$1.run()V+27
v  ~StubRoutines::call_stub

siginfo: si_signo: 11 (SIGSEGV), si_code: 1 (SEGV_MAPERR), si_addr: 0x0000626e693710d0

Register to memory mapping:

RAX=0x0000626e693710b0 is an unknown value
RBX=0x0000000000000001 is an unknown value
RCX=0x0000626e693710b0 is an unknown value
RDX=0x0 is NULL
RSP=0x000070000ad90428 is pointing into the stack for thread: 0x00007fbb799b4600
RBP=0x000070000ad90460 is pointing into the stack for thread: 0x00007fbb799b4600
RSI=0x00007ff82de9e10a points into unknown readable memory: 72 65 6c 65 61 73
RDI=0x0000600003ac10b0 points into unknown readable memory: 0x0000626e693710b0 | b0 10 37 69 6e 62 00 00
R8 =0x00007fbb792186c8 points into unknown readable memory: 0x0000000000000000 | 00 00 00 00 00 00 00 00
R9 =0x0 is NULL
R10=0x0000600000694900 points into unknown readable memory: 0x0000600000694c60 | 60 4c 69 00 00 60 00 00
R11=0x00007ff81654eba4: -[NSResponder release]+0 in /System/Library/Frameworks/AppKit.framework/Versions/C/AppKit at 0x00007ff816543000
R12=0x0000600003ac10b0 points into unknown readable memory: 0x0000626e693710b0 | b0 10 37 69 6e 62 00 00
R13=0xa3a3a3a3a3a3a3a3 is an unknown value
R14=0x00007fbb79a8e078 points into unknown readable memory: 0x0000000000000000 | 00 00 00 00 00 00 00 00
R15=0x00007fbb79a8e000 points into unknown readable memory: 0x4f545541a1a1a1a1 | a1 a1 a1 a1 41 55 54 4f


Registers:
RAX=0x0000626e693710b0, RBX=0x0000000000000001, RCX=0x0000626e693710b0, RDX=0x0000000000000000
RSP=0x000070000ad90428, RBP=0x000070000ad90460, RSI=0x00007ff82de9e10a, RDI=0x0000600003ac10b0
R8 =0x00007fbb792186c8, R9 =0x0000000000000000, R10=0x0000600000694900, R11=0x00007ff81654eba4
R12=0x0000600003ac10b0, R13=0xa3a3a3a3a3a3a3a3, R14=0x00007fbb79a8e078, R15=0x00007fbb79a8e000
RIP=0x00007ff81391901f, EFLAGS=0x0000000000010202, ERR=0x0000000000000004
  TRAPNO=0x000000000000000e

Top of Stack: (sp=0x000070000ad90428)
0x000070000ad90428:   00007ff81391d0da 0d3db9b58f0700df
0x000070000ad90438:   00007fbb79a8e000 0000600003aa7c00
0x000070000ad90448:   00000001248f9fd0 00007ff82de9e10a
0x000070000ad90458:   0000600003aa7c00 000070000ad90480
0x000070000ad90468:   00007ff813919f5f 0d3db9b58f0700df
0x000070000ad90478:   00007fbb79a8e078 000070000ad904a0
0x000070000ad90488:   00007ff813b0bbca 0d3db9b58f0700df
0x000070000ad90498:   0000600001093060 000070000ad904e0
0x000070000ad904a8:   00007ff814964c01 00007ff853983540
0x000070000ad904b8:   0000000000000000 0d3db9b58f0700df
0x000070000ad904c8:   0000600001093060 0000600003ac5800
0x000070000ad904d8:   00007fbb799b4890 000070000ad90510
0x000070000ad904e8:   0000000130eb1cce 00000001248f9fd8
0x000070000ad904f8:   0000000000000000 000070000ad905a8
0x000070000ad90508:   00007fbb799b4600 000070000ad90580
0x000070000ad90518:   000000011117b53a 000070000ad90580
0x000070000ad90528:   000000011117b2be 000000011117b276
0x000070000ad90538:   000070000ad90538 00000001248f9fd0
0x000070000ad90548:   000070000ad905a8 00000001248fa548
0x000070000ad90558:   0000000000000000 0000000787708828
0x000070000ad90568:   00000001248f9fd8 0000000000000000
0x000070000ad90578:   000070000ad905a0 000070000ad905f8
0x000070000ad90588:   000000011117742b 0000000787708828
0x000070000ad90598:   0000000111178f78 0000000787711ef8
0x000070000ad905a8:   00000007878d42f0 000070000ad905b0
0x000070000ad905b8:   00000001248f9ed7 000070000ad90628
0x000070000ad905c8:   00000001248fa548 0000000000000000
0x000070000ad905d8:   0000000787708828 00000001248f9f48
0x000070000ad905e8:   000070000ad905a0 000070000ad90618
0x000070000ad905f8:   000070000ad90688 000000011117788f
0x000070000ad90608:   0000000000000000 00000007878d42f0
0x000070000ad90618:   0000000787711ef8 00000007878d4230 

Instructions: (pc=0x00007ff81391901f)
0x00007ff813918f1f:   8b 0d 33 d2 8d 41 48 89 4a 18 48 8b 0d 30 d2 8d
0x00007ff813918f2f:   41 48 89 4a 20 b9 05 00 00 00 48 89 df 48 89 c6
0x00007ff813918f3f:   e8 9d 9b 01 00 84 c0 75 23 66 f0 41 81 4e 1c 00
0x00007ff813918f4f:   80 48 8b 05 d9 6f e6 3f 48 8b 00 48 3b 45 e0 75
0x00007ff813918f5f:   2c 48 83 c4 48 5b 41 5e 41 5f 5d c3 31 c0 80 3d
0x00007ff813918f6f:   4c e4 8d 41 00 74 da 0f b6 d0 4c 89 f7 be 02 00
0x00007ff813918f7f:   00 00 e8 18 e5 01 00 eb c8 b0 01 eb e1 e8 c9 ef
0x00007ff813918f8f:   01 00 90 90 90 90 90 90 90 90 90 90 90 90 90 90
0x00007ff813918f9f:   e9 04 00 00 00 90 90 90 90 40 f6 c7 01 75 4e 48
0x00007ff813918faf:   8b 07 a8 01 74 34 48 b9 00 00 00 00 00 00 00 01
0x00007ff813918fbf:   48 89 c2 48 c1 ea 37 74 34 48 89 c2 48 01 ca 72
0x00007ff813918fcf:   12 f0 48 0f b1 17 74 25 a8 01 75 e4 31 f6 e9 38
0x00007ff813918fdf:   d1 01 00 31 f6 e9 37 83 00 00 48 b9 f8 ff ff ff
0x00007ff813918fef:   ff 7f 00 00 48 21 c8 f6 40 1c 01 74 df 48 89 f8
0x00007ff813918fff:   c3 48 85 ff 74 76 89 f8 83 e0 01 48 85 c0 75 6c
0x00007ff81391900f:   48 8b 07 48 b9 f8 ff ff ff ff 7f 00 00 48 21 c1
0x00007ff81391901f:   48 8b 51 20 f6 c2 04 74 54 a8 01 74 72 48 b9 00
0x00007ff81391902f:   00 00 00 00 00 80 00 48 ba 00 00 00 00 00 00 00
0x00007ff81391903f:   01 48 39 c8 72 36 48 89 c6 48 29 d6 72 17 f0 48
0x00007ff81391904f:   0f b1 37 74 22 a8 01 75 e8 31 f6 ba 01 00 00 00
0x00007ff81391905f:   e9 46 cd 01 00 48 85 c8 75 3d 48 8b 35 18 d1 8d
0x00007ff81391906f:   41 ff 25 da 70 e6 3f 48 39 ce 72 ee c3 66 83 79
0x00007ff81391907f:   1c 00 79 0e 83 e2 02 48 85 d2 74 06 f6 41 28 02
0x00007ff81391908f:   75 1f 48 8b 35 40 d0 8d 41 ff 25 b2 70 e6 3f f6
0x00007ff81391909f:   41 1c 01 74 b4 eb d5 be 01 00 00 00 e9 4c a3 00
0x00007ff8139190af:   00 48 8b 05 41 8c 89 41 ff e0 90 90 90 90 90 90
0x00007ff8139190bf:   90 90 90 90 90 90 90 e9 04 00 00 00 90 90 90 90
0x00007ff8139190cf:   55 48 89 e5 53 50 48 89 fb f6 c3 01 75 21 48 b8
0x00007ff8139190df:   07 00 00 00 00 00 a0 00 48 23 03 48 83 f8 01 75
0x00007ff8139190ef:   15 48 89 df 48 83 c4 08 5b 5d e9 34 ef 01 00 48
0x00007ff8139190ff:   83 c4 08 5b 5d c3 48 89 df e8 0b 00 00 00 eb e1
0x00007ff81391910f:   90 90 90 90 90 90 90 90 90 55 48 89 e5 41 56 53 


Stack slot to memory mapping:
stack at sp + 0 slots: 0x00007ff81391d0da: _ZN19AutoreleasePoolPage12releaseUntilEPP11objc_object+0xa4 in /usr/lib/libobjc.A.dylib at 0x00007ff813910000
stack at sp + 1 slots: 0x0d3db9b58f0700df is an unknown value
stack at sp + 2 slots: 0x00007fbb79a8e000 points into unknown readable memory: 0x4f545541a1a1a1a1 | a1 a1 a1 a1 41 55 54 4f
stack at sp + 3 slots: 0x0000600003aa7c00 points into unknown readable memory: 0x011dfff8550688e9 | e9 88 06 55 f8 ff 1d 01
stack at sp + 4 slots: 0x00000001248f9fd0 is pointing into metadata
stack at sp + 5 slots: 0x00007ff82de9e10a points into unknown readable memory: 72 65 6c 65 61 73
stack at sp + 6 slots: 0x0000600003aa7c00 points into unknown readable memory: 0x011dfff8550688e9 | e9 88 06 55 f8 ff 1d 01
stack at sp + 7 slots: 0x000070000ad90480 is pointing into the stack for thread: 0x00007fbb799b4600


---------------  P R O C E S S  ---------------

Threads class SMR info:
_java_thread_list=0x00006000034db820, length=16, elements={
0x00007fbb7882f200, 0x00007fbb78831a00, 0x00007fbb7982c800, 0x00007fbb77832c00,
0x00007fbb79837000, 0x00007fbb79837600, 0x00007fbb79009c00, 0x00007fbb78834a00,
0x00007fbb7982fe00, 0x00007fbb7782e400, 0x00007fbb78833000, 0x00007fbb79010600,
0x00007fbb79955e00, 0x00007fbb78877600, 0x00007fbb799b4600, 0x00007fbb78899000
}

Java Threads: ( => current thread )
  0x00007fbb7882f200 JavaThread "Reference Handler" daemon [_thread_blocked, id=16899, stack(0x0000700009a4f000,0x0000700009b4f000)]
  0x00007fbb78831a00 JavaThread "Finalizer" daemon [_thread_blocked, id=16643, stack(0x0000700009b52000,0x0000700009c52000)]
  0x00007fbb7982c800 JavaThread "Signal Dispatcher" daemon [_thread_blocked, id=23043, stack(0x0000700009d5b000,0x0000700009e5b000)]
  0x00007fbb77832c00 JavaThread "Service Thread" daemon [_thread_blocked, id=23555, stack(0x0000700009e5e000,0x0000700009f5e000)]
  0x00007fbb79837000 JavaThread "Monitor Deflation Thread" daemon [_thread_blocked, id=42243, stack(0x0000700009f61000,0x000070000a061000)]
  0x00007fbb79837600 JavaThread "C2 CompilerThread0" daemon [_thread_blocked, id=41731, stack(0x000070000a064000,0x000070000a164000)]
  0x00007fbb79009c00 JavaThread "C1 CompilerThread0" daemon [_thread_blocked, id=41219, stack(0x000070000a167000,0x000070000a267000)]
  0x00007fbb78834a00 JavaThread "Sweeper thread" daemon [_thread_blocked, id=40707, stack(0x000070000a26a000,0x000070000a36a000)]
  0x00007fbb7982fe00 JavaThread "Common-Cleaner" daemon [_thread_blocked, id=40195, stack(0x000070000a36d000,0x000070000a46d000)]
  0x00007fbb7782e400 JavaThread "Monitor Ctrl-Break" daemon [_thread_in_native, id=24067, stack(0x000070000a470000,0x000070000a570000)]
  0x00007fbb78833000 JavaThread "Notification Thread" daemon [_thread_blocked, id=24579, stack(0x000070000a573000,0x000070000a673000)]
  0x00007fbb79010600 JavaThread "AppKit Thread" daemon [_thread_in_native, id=259, stack(0x00007ff7bb8a9000,0x00007ff7bc0a9000)]
  0x00007fbb79955e00 JavaThread "AWT-Shutdown" [_thread_blocked, id=32515, stack(0x000070000a779000,0x000070000a879000)]
  0x00007fbb78877600 JavaThread "Attach Listener" daemon [_thread_blocked, id=32003, stack(0x000070000a87c000,0x000070000a97c000)]
=>0x00007fbb799b4600 JavaThread "LWJGL Application" [_thread_in_native, id=140555, stack(0x000070000ac91000,0x000070000ad91000)]
  0x00007fbb78899000 JavaThread "DestroyJavaVM" [_thread_blocked, id=6147, stack(0x000070000933a000,0x000070000943a000)]

Other Threads:
  0x00007fbb78304c50 VMThread "VM Thread" [stack: 0x000070000994c000,0x0000700009a4c000] [id=17411]
  0x00007fbb780097b0 WatcherThread "VM Periodic Task Thread" [stack: 0x000070000a676000,0x000070000a776000] [id=24835]
  0x00007fbb777069e0 WorkerThread "GC Thread#0" [stack: 0x000070000943d000,0x000070000953d000] [id=12291]
  0x00007fbb78004f50 ConcurrentGCThread "G1 Main Marker" [stack: 0x0000700009540000,0x0000700009640000] [id=12803]
  0x00007fbb780057b0 WorkerThread "G1 Conc#0" [stack: 0x0000700009643000,0x0000700009743000] [id=13059]
  0x00007fbb78110880 ConcurrentGCThread "G1 Refine#0" [stack: 0x0000700009746000,0x0000700009846000] [id=13827]
  0x00007fbb77706e40 ConcurrentGCThread "G1 Service" [stack: 0x0000700009849000,0x0000700009949000] [id=18691]

Threads with active compile tasks:

VM state: not at safepoint (normal execution)

VM Mutex/Monitor currently owned by a thread: None

Heap address: 0x0000000780000000, size: 2048 MB, Compressed Oops mode: Zero based, Oop shift amount: 3

CDS archive(s) mapped at: [0x0000000800000000-0x0000000800ba4000-0x0000000800ba4000), size 12206080, SharedBaseAddress: 0x0000000800000000, ArchiveRelocationMode: 0.
Compressed class space mapped at: 0x0000000800c00000-0x0000000840c00000, reserved size: 1073741824
Narrow klass base: 0x0000000800000000, Narrow klass shift: 0, Narrow klass range: 0x100000000

GC Precious Log:
 CardTable entry size: 512
 Card Set container configuration: InlinePtr #cards 5 size 8 Array Of Cards #cards 12 size 40 Howl #buckets 4 coarsen threshold 1843 Howl Bitmap #cards 512 size 80 coarsen threshold 460 Card regions per heap region 1 cards per card region 2048
 CPUs: 4 total, 4 available
 Memory: 8192M
 Large Page Support: Disabled
 NUMA Support: Disabled
 Compressed Oops: Enabled (Zero based)
 Heap Region Size: 1M
 Heap Min Capacity: 8M
 Heap Initial Capacity: 128M
 Heap Max Capacity: 2G
 Pre-touch: Disabled
 Parallel Workers: 4
 Concurrent Workers: 1
 Concurrent Refinement Workers: 4
 Periodic GC: Disabled

Heap:
 garbage-first heap   total 133120K, used 9112K [0x0000000780000000, 0x0000000800000000)
  region size 1024K, 9 young (9216K), 0 survivors (0K)
 Metaspace       used 3750K, committed 3904K, reserved 1114112K
  class space    used 337K, committed 448K, reserved 1048576K

Heap Regions: E=young(eden), S=young(survivor), O=old, HS=humongous(starts), HC=humongous(continues), CS=collection set, F=free, OA=open archive, CA=closed archive, TAMS=top-at-mark-start (previous, next)
|   0|0x0000000780000000, 0x0000000780000000, 0x0000000780100000|  0%| F|  |TAMS 0x0000000780000000, 0x0000000780000000| Untracked 
|   1|0x0000000780100000, 0x0000000780100000, 0x0000000780200000|  0%| F|  |TAMS 0x0000000780100000, 0x0000000780100000| Untracked 
|   2|0x0000000780200000, 0x0000000780200000, 0x0000000780300000|  0%| F|  |TAMS 0x0000000780200000, 0x0000000780200000| Untracked 
|   3|0x0000000780300000, 0x0000000780300000, 0x0000000780400000|  0%| F|  |TAMS 0x0000000780300000, 0x0000000780300000| Untracked 
|   4|0x0000000780400000, 0x0000000780400000, 0x0000000780500000|  0%| F|  |TAMS 0x0000000780400000, 0x0000000780400000| Untracked 
|   5|0x0000000780500000, 0x0000000780500000, 0x0000000780600000|  0%| F|  |TAMS 0x0000000780500000, 0x0000000780500000| Untracked 
|   6|0x0000000780600000, 0x0000000780600000, 0x0000000780700000|  0%| F|  |TAMS 0x0000000780600000, 0x0000000780600000| Untracked 
|   7|0x0000000780700000, 0x0000000780700000, 0x0000000780800000|  0%| F|  |TAMS 0x0000000780700000, 0x0000000780700000| Untracked 
|   8|0x0000000780800000, 0x0000000780800000, 0x0000000780900000|  0%| F|  |TAMS 0x0000000780800000, 0x0000000780800000| Untracked 
|   9|0x0000000780900000, 0x0000000780900000, 0x0000000780a00000|  0%| F|  |TAMS 0x0000000780900000, 0x0000000780900000| Untracked 
|  10|0x0000000780a00000, 0x0000000780a00000, 0x0000000780b00000|  0%| F|  |TAMS 0x0000000780a00000, 0x0000000780a00000| Untracked 
|  11|0x0000000780b00000, 0x0000000780b00000, 0x0000000780c00000|  0%| F|  |TAMS 0x0000000780b00000, 0x0000000780b00000| Untracked 
|  12|0x0000000780c00000, 0x0000000780c00000, 0x0000000780d00000|  0%| F|  |TAMS 0x0000000780c00000, 0x0000000780c00000| Untracked 
|  13|0x0000000780d00000, 0x0000000780d00000, 0x0000000780e00000|  0%| F|  |TAMS 0x0000000780d00000, 0x0000000780d00000| Untracked 
|  14|0x0000000780e00000, 0x0000000780e00000, 0x0000000780f00000|  0%| F|  |TAMS 0x0000000780e00000, 0x0000000780e00000| Untracked 
|  15|0x0000000780f00000, 0x0000000780f00000, 0x0000000781000000|  0%| F|  |TAMS 0x0000000780f00000, 0x0000000780f00000| Untracked 
|  16|0x0000000781000000, 0x0000000781000000, 0x0000000781100000|  0%| F|  |TAMS 0x0000000781000000, 0x0000000781000000| Untracked 
|  17|0x0000000781100000, 0x0000000781100000, 0x0000000781200000|  0%| F|  |TAMS 0x0000000781100000, 0x0000000781100000| Untracked 
|  18|0x0000000781200000, 0x0000000781200000, 0x0000000781300000|  0%| F|  |TAMS 0x0000000781200000, 0x0000000781200000| Untracked 
|  19|0x0000000781300000, 0x0000000781300000, 0x0000000781400000|  0%| F|  |TAMS 0x0000000781300000, 0x0000000781300000| Untracked 
|  20|0x0000000781400000, 0x0000000781400000, 0x0000000781500000|  0%| F|  |TAMS 0x0000000781400000, 0x0000000781400000| Untracked 
|  21|0x0000000781500000, 0x0000000781500000, 0x0000000781600000|  0%| F|  |TAMS 0x0000000781500000, 0x0000000781500000| Untracked 
|  22|0x0000000781600000, 0x0000000781600000, 0x0000000781700000|  0%| F|  |TAMS 0x0000000781600000, 0x0000000781600000| Untracked 
|  23|0x0000000781700000, 0x0000000781700000, 0x0000000781800000|  0%| F|  |TAMS 0x0000000781700000, 0x0000000781700000| Untracked 
|  24|0x0000000781800000, 0x0000000781800000, 0x0000000781900000|  0%| F|  |TAMS 0x0000000781800000, 0x0000000781800000| Untracked 
|  25|0x0000000781900000, 0x0000000781900000, 0x0000000781a00000|  0%| F|  |TAMS 0x0000000781900000, 0x0000000781900000| Untracked 
|  26|0x0000000781a00000, 0x0000000781a00000, 0x0000000781b00000|  0%| F|  |TAMS 0x0000000781a00000, 0x0000000781a00000| Untracked 
|  27|0x0000000781b00000, 0x0000000781b00000, 0x0000000781c00000|  0%| F|  |TAMS 0x0000000781b00000, 0x0000000781b00000| Untracked 
|  28|0x0000000781c00000, 0x0000000781c00000, 0x0000000781d00000|  0%| F|  |TAMS 0x0000000781c00000, 0x0000000781c00000| Untracked 
|  29|0x0000000781d00000, 0x0000000781d00000, 0x0000000781e00000|  0%| F|  |TAMS 0x0000000781d00000, 0x0000000781d00000| Untracked 
|  30|0x0000000781e00000, 0x0000000781e00000, 0x0000000781f00000|  0%| F|  |TAMS 0x0000000781e00000, 0x0000000781e00000| Untracked 
|  31|0x0000000781f00000, 0x0000000781f00000, 0x0000000782000000|  0%| F|  |TAMS 0x0000000781f00000, 0x0000000781f00000| Untracked 
|  32|0x0000000782000000, 0x0000000782000000, 0x0000000782100000|  0%| F|  |TAMS 0x0000000782000000, 0x0000000782000000| Untracked 
|  33|0x0000000782100000, 0x0000000782100000, 0x0000000782200000|  0%| F|  |TAMS 0x0000000782100000, 0x0000000782100000| Untracked 
|  34|0x0000000782200000, 0x0000000782200000, 0x0000000782300000|  0%| F|  |TAMS 0x0000000782200000, 0x0000000782200000| Untracked 
|  35|0x0000000782300000, 0x0000000782300000, 0x0000000782400000|  0%| F|  |TAMS 0x0000000782300000, 0x0000000782300000| Untracked 
|  36|0x0000000782400000, 0x0000000782400000, 0x0000000782500000|  0%| F|  |TAMS 0x0000000782400000, 0x0000000782400000| Untracked 
|  37|0x0000000782500000, 0x0000000782500000, 0x0000000782600000|  0%| F|  |TAMS 0x0000000782500000, 0x0000000782500000| Untracked 
|  38|0x0000000782600000, 0x0000000782600000, 0x0000000782700000|  0%| F|  |TAMS 0x0000000782600000, 0x0000000782600000| Untracked 
|  39|0x0000000782700000, 0x0000000782700000, 0x0000000782800000|  0%| F|  |TAMS 0x0000000782700000, 0x0000000782700000| Untracked 
|  40|0x0000000782800000, 0x0000000782800000, 0x0000000782900000|  0%| F|  |TAMS 0x0000000782800000, 0x0000000782800000| Untracked 
|  41|0x0000000782900000, 0x0000000782900000, 0x0000000782a00000|  0%| F|  |TAMS 0x0000000782900000, 0x0000000782900000| Untracked 
|  42|0x0000000782a00000, 0x0000000782a00000, 0x0000000782b00000|  0%| F|  |TAMS 0x0000000782a00000, 0x0000000782a00000| Untracked 
|  43|0x0000000782b00000, 0x0000000782b00000, 0x0000000782c00000|  0%| F|  |TAMS 0x0000000782b00000, 0x0000000782b00000| Untracked 
|  44|0x0000000782c00000, 0x0000000782c00000, 0x0000000782d00000|  0%| F|  |TAMS 0x0000000782c00000, 0x0000000782c00000| Untracked 
|  45|0x0000000782d00000, 0x0000000782d00000, 0x0000000782e00000|  0%| F|  |TAMS 0x0000000782d00000, 0x0000000782d00000| Untracked 
|  46|0x0000000782e00000, 0x0000000782e00000, 0x0000000782f00000|  0%| F|  |TAMS 0x0000000782e00000, 0x0000000782e00000| Untracked 
|  47|0x0000000782f00000, 0x0000000782f00000, 0x0000000783000000|  0%| F|  |TAMS 0x0000000782f00000, 0x0000000782f00000| Untracked 
|  48|0x0000000783000000, 0x0000000783000000, 0x0000000783100000|  0%| F|  |TAMS 0x0000000783000000, 0x0000000783000000| Untracked 
|  49|0x0000000783100000, 0x0000000783100000, 0x0000000783200000|  0%| F|  |TAMS 0x0000000783100000, 0x0000000783100000| Untracked 
|  50|0x0000000783200000, 0x0000000783200000, 0x0000000783300000|  0%| F|  |TAMS 0x0000000783200000, 0x0000000783200000| Untracked 
|  51|0x0000000783300000, 0x0000000783300000, 0x0000000783400000|  0%| F|  |TAMS 0x0000000783300000, 0x0000000783300000| Untracked 
|  52|0x0000000783400000, 0x0000000783400000, 0x0000000783500000|  0%| F|  |TAMS 0x0000000783400000, 0x0000000783400000| Untracked 
|  53|0x0000000783500000, 0x0000000783500000, 0x0000000783600000|  0%| F|  |TAMS 0x0000000783500000, 0x0000000783500000| Untracked 
|  54|0x0000000783600000, 0x0000000783600000, 0x0000000783700000|  0%| F|  |TAMS 0x0000000783600000, 0x0000000783600000| Untracked 
|  55|0x0000000783700000, 0x0000000783700000, 0x0000000783800000|  0%| F|  |TAMS 0x0000000783700000, 0x0000000783700000| Untracked 
|  56|0x0000000783800000, 0x0000000783800000, 0x0000000783900000|  0%| F|  |TAMS 0x0000000783800000, 0x0000000783800000| Untracked 
|  57|0x0000000783900000, 0x0000000783900000, 0x0000000783a00000|  0%| F|  |TAMS 0x0000000783900000, 0x0000000783900000| Untracked 
|  58|0x0000000783a00000, 0x0000000783a00000, 0x0000000783b00000|  0%| F|  |TAMS 0x0000000783a00000, 0x0000000783a00000| Untracked 
|  59|0x0000000783b00000, 0x0000000783b00000, 0x0000000783c00000|  0%| F|  |TAMS 0x0000000783b00000, 0x0000000783b00000| Untracked 
|  60|0x0000000783c00000, 0x0000000783c00000, 0x0000000783d00000|  0%| F|  |TAMS 0x0000000783c00000, 0x0000000783c00000| Untracked 
|  61|0x0000000783d00000, 0x0000000783d00000, 0x0000000783e00000|  0%| F|  |TAMS 0x0000000783d00000, 0x0000000783d00000| Untracked 
|  62|0x0000000783e00000, 0x0000000783e00000, 0x0000000783f00000|  0%| F|  |TAMS 0x0000000783e00000, 0x0000000783e00000| Untracked 
|  63|0x0000000783f00000, 0x0000000783f00000, 0x0000000784000000|  0%| F|  |TAMS 0x0000000783f00000, 0x0000000783f00000| Untracked 
|  64|0x0000000784000000, 0x0000000784000000, 0x0000000784100000|  0%| F|  |TAMS 0x0000000784000000, 0x0000000784000000| Untracked 
|  65|0x0000000784100000, 0x0000000784100000, 0x0000000784200000|  0%| F|  |TAMS 0x0000000784100000, 0x0000000784100000| Untracked 
|  66|0x0000000784200000, 0x0000000784200000, 0x0000000784300000|  0%| F|  |TAMS 0x0000000784200000, 0x0000000784200000| Untracked 
|  67|0x0000000784300000, 0x0000000784300000, 0x0000000784400000|  0%| F|  |TAMS 0x0000000784300000, 0x0000000784300000| Untracked 
|  68|0x0000000784400000, 0x0000000784400000, 0x0000000784500000|  0%| F|  |TAMS 0x0000000784400000, 0x0000000784400000| Untracked 
|  69|0x0000000784500000, 0x0000000784500000, 0x0000000784600000|  0%| F|  |TAMS 0x0000000784500000, 0x0000000784500000| Untracked 
|  70|0x0000000784600000, 0x0000000784600000, 0x0000000784700000|  0%| F|  |TAMS 0x0000000784600000, 0x0000000784600000| Untracked 
|  71|0x0000000784700000, 0x0000000784700000, 0x0000000784800000|  0%| F|  |TAMS 0x0000000784700000, 0x0000000784700000| Untracked 
|  72|0x0000000784800000, 0x0000000784800000, 0x0000000784900000|  0%| F|  |TAMS 0x0000000784800000, 0x0000000784800000| Untracked 
|  73|0x0000000784900000, 0x0000000784900000, 0x0000000784a00000|  0%| F|  |TAMS 0x0000000784900000, 0x0000000784900000| Untracked 
|  74|0x0000000784a00000, 0x0000000784a00000, 0x0000000784b00000|  0%| F|  |TAMS 0x0000000784a00000, 0x0000000784a00000| Untracked 
|  75|0x0000000784b00000, 0x0000000784b00000, 0x0000000784c00000|  0%| F|  |TAMS 0x0000000784b00000, 0x0000000784b00000| Untracked 
|  76|0x0000000784c00000, 0x0000000784c00000, 0x0000000784d00000|  0%| F|  |TAMS 0x0000000784c00000, 0x0000000784c00000| Untracked 
|  77|0x0000000784d00000, 0x0000000784d00000, 0x0000000784e00000|  0%| F|  |TAMS 0x0000000784d00000, 0x0000000784d00000| Untracked 
|  78|0x0000000784e00000, 0x0000000784e00000, 0x0000000784f00000|  0%| F|  |TAMS 0x0000000784e00000, 0x0000000784e00000| Untracked 
|  79|0x0000000784f00000, 0x0000000784f00000, 0x0000000785000000|  0%| F|  |TAMS 0x0000000784f00000, 0x0000000784f00000| Untracked 
|  80|0x0000000785000000, 0x0000000785000000, 0x0000000785100000|  0%| F|  |TAMS 0x0000000785000000, 0x0000000785000000| Untracked 
|  81|0x0000000785100000, 0x0000000785100000, 0x0000000785200000|  0%| F|  |TAMS 0x0000000785100000, 0x0000000785100000| Untracked 
|  82|0x0000000785200000, 0x0000000785200000, 0x0000000785300000|  0%| F|  |TAMS 0x0000000785200000, 0x0000000785200000| Untracked 
|  83|0x0000000785300000, 0x0000000785300000, 0x0000000785400000|  0%| F|  |TAMS 0x0000000785300000, 0x0000000785300000| Untracked 
|  84|0x0000000785400000, 0x0000000785400000, 0x0000000785500000|  0%| F|  |TAMS 0x0000000785400000, 0x0000000785400000| Untracked 
|  85|0x0000000785500000, 0x0000000785500000, 0x0000000785600000|  0%| F|  |TAMS 0x0000000785500000, 0x0000000785500000| Untracked 
|  86|0x0000000785600000, 0x0000000785600000, 0x0000000785700000|  0%| F|  |TAMS 0x0000000785600000, 0x0000000785600000| Untracked 
|  87|0x0000000785700000, 0x0000000785700000, 0x0000000785800000|  0%| F|  |TAMS 0x0000000785700000, 0x0000000785700000| Untracked 
|  88|0x0000000785800000, 0x0000000785800000, 0x0000000785900000|  0%| F|  |TAMS 0x0000000785800000, 0x0000000785800000| Untracked 
|  89|0x0000000785900000, 0x0000000785900000, 0x0000000785a00000|  0%| F|  |TAMS 0x0000000785900000, 0x0000000785900000| Untracked 
|  90|0x0000000785a00000, 0x0000000785a00000, 0x0000000785b00000|  0%| F|  |TAMS 0x0000000785a00000, 0x0000000785a00000| Untracked 
|  91|0x0000000785b00000, 0x0000000785b00000, 0x0000000785c00000|  0%| F|  |TAMS 0x0000000785b00000, 0x0000000785b00000| Untracked 
|  92|0x0000000785c00000, 0x0000000785c00000, 0x0000000785d00000|  0%| F|  |TAMS 0x0000000785c00000, 0x0000000785c00000| Untracked 
|  93|0x0000000785d00000, 0x0000000785d00000, 0x0000000785e00000|  0%| F|  |TAMS 0x0000000785d00000, 0x0000000785d00000| Untracked 
|  94|0x0000000785e00000, 0x0000000785e00000, 0x0000000785f00000|  0%| F|  |TAMS 0x0000000785e00000, 0x0000000785e00000| Untracked 
|  95|0x0000000785f00000, 0x0000000785f00000, 0x0000000786000000|  0%| F|  |TAMS 0x0000000785f00000, 0x0000000785f00000| Untracked 
|  96|0x0000000786000000, 0x0000000786000000, 0x0000000786100000|  0%| F|  |TAMS 0x0000000786000000, 0x0000000786000000| Untracked 
|  97|0x0000000786100000, 0x0000000786100000, 0x0000000786200000|  0%| F|  |TAMS 0x0000000786100000, 0x0000000786100000| Untracked 
|  98|0x0000000786200000, 0x0000000786200000, 0x0000000786300000|  0%| F|  |TAMS 0x0000000786200000, 0x0000000786200000| Untracked 
|  99|0x0000000786300000, 0x0000000786300000, 0x0000000786400000|  0%| F|  |TAMS 0x0000000786300000, 0x0000000786300000| Untracked 
| 100|0x0000000786400000, 0x0000000786400000, 0x0000000786500000|  0%| F|  |TAMS 0x0000000786400000, 0x0000000786400000| Untracked 
| 101|0x0000000786500000, 0x0000000786500000, 0x0000000786600000|  0%| F|  |TAMS 0x0000000786500000, 0x0000000786500000| Untracked 
| 102|0x0000000786600000, 0x0000000786600000, 0x0000000786700000|  0%| F|  |TAMS 0x0000000786600000, 0x0000000786600000| Untracked 
| 103|0x0000000786700000, 0x0000000786700000, 0x0000000786800000|  0%| F|  |TAMS 0x0000000786700000, 0x0000000786700000| Untracked 
| 104|0x0000000786800000, 0x0000000786800000, 0x0000000786900000|  0%| F|  |TAMS 0x0000000786800000, 0x0000000786800000| Untracked 
| 105|0x0000000786900000, 0x0000000786900000, 0x0000000786a00000|  0%| F|  |TAMS 0x0000000786900000, 0x0000000786900000| Untracked 
| 106|0x0000000786a00000, 0x0000000786a00000, 0x0000000786b00000|  0%| F|  |TAMS 0x0000000786a00000, 0x0000000786a00000| Untracked 
| 107|0x0000000786b00000, 0x0000000786b00000, 0x0000000786c00000|  0%| F|  |TAMS 0x0000000786b00000, 0x0000000786b00000| Untracked 
| 108|0x0000000786c00000, 0x0000000786c00000, 0x0000000786d00000|  0%| F|  |TAMS 0x0000000786c00000, 0x0000000786c00000| Untracked 
| 109|0x0000000786d00000, 0x0000000786d00000, 0x0000000786e00000|  0%| F|  |TAMS 0x0000000786d00000, 0x0000000786d00000| Untracked 
| 110|0x0000000786e00000, 0x0000000786e00000, 0x0000000786f00000|  0%| F|  |TAMS 0x0000000786e00000, 0x0000000786e00000| Untracked 
| 111|0x0000000786f00000, 0x0000000786f00000, 0x0000000787000000|  0%| F|  |TAMS 0x0000000786f00000, 0x0000000786f00000| Untracked 
| 112|0x0000000787000000, 0x0000000787000000, 0x0000000787100000|  0%| F|  |TAMS 0x0000000787000000, 0x0000000787000000| Untracked 
| 113|0x0000000787100000, 0x0000000787100000, 0x0000000787200000|  0%| F|  |TAMS 0x0000000787100000, 0x0000000787100000| Untracked 
| 114|0x0000000787200000, 0x0000000787200000, 0x0000000787300000|  0%| F|  |TAMS 0x0000000787200000, 0x0000000787200000| Untracked 
| 115|0x0000000787300000, 0x0000000787300000, 0x0000000787400000|  0%| F|  |TAMS 0x0000000787300000, 0x0000000787300000| Untracked 
| 116|0x0000000787400000, 0x0000000787400000, 0x0000000787500000|  0%| F|  |TAMS 0x0000000787400000, 0x0000000787400000| Untracked 
| 117|0x0000000787500000, 0x0000000787500000, 0x0000000787600000|  0%| F|  |TAMS 0x0000000787500000, 0x0000000787500000| Untracked 
| 118|0x0000000787600000, 0x0000000787600000, 0x0000000787700000|  0%| F|  |TAMS 0x0000000787600000, 0x0000000787600000| Untracked 
| 119|0x0000000787700000, 0x0000000787746000, 0x0000000787800000| 27%| E|  |TAMS 0x0000000787700000, 0x0000000787700000| Complete 
| 120|0x0000000787800000, 0x0000000787900000, 0x0000000787900000|100%| E|CS|TAMS 0x0000000787800000, 0x0000000787800000| Complete 
| 121|0x0000000787900000, 0x0000000787a00000, 0x0000000787a00000|100%| E|CS|TAMS 0x0000000787900000, 0x0000000787900000| Complete 
| 122|0x0000000787a00000, 0x0000000787b00000, 0x0000000787b00000|100%| E|CS|TAMS 0x0000000787a00000, 0x0000000787a00000| Complete 
| 123|0x0000000787b00000, 0x0000000787c00000, 0x0000000787c00000|100%| E|CS|TAMS 0x0000000787b00000, 0x0000000787b00000| Complete 
| 124|0x0000000787c00000, 0x0000000787d00000, 0x0000000787d00000|100%| E|CS|TAMS 0x0000000787c00000, 0x0000000787c00000| Complete 
| 125|0x0000000787d00000, 0x0000000787e00000, 0x0000000787e00000|100%| E|CS|TAMS 0x0000000787d00000, 0x0000000787d00000| Complete 
| 126|0x0000000787e00000, 0x0000000787f00000, 0x0000000787f00000|100%| E|CS|TAMS 0x0000000787e00000, 0x0000000787e00000| Complete 
| 127|0x0000000787f00000, 0x0000000788000000, 0x0000000788000000|100%| E|CS|TAMS 0x0000000787f00000, 0x0000000787f00000| Complete 
|2046|0x00000007ffe00000, 0x00000007ffe74000, 0x00000007fff00000| 45%|OA|  |TAMS 0x00000007ffe00000, 0x00000007ffe00000| Untracked 
|2047|0x00000007fff00000, 0x00000007fff72000, 0x0000000800000000| 44%|CA|  |TAMS 0x00000007fff00000, 0x00000007fff00000| Untracked 

Card table byte_map: [0x000000010465a000,0x0000000104a5a000] _byte_map_base: 0x0000000100a5a000

Marking Bits (Prev, Next): (CMBitMap*) 0x00007fbb7781bc10, (CMBitMap*) 0x00007fbb7781bc50
 Prev Bits: [0x000000010dd1e000, 0x000000010fd1e000)
 Next Bits: [0x000000012016e000, 0x000000012216e000)

Polling page: 0x0000000103f7e000

Metaspace:

Usage:
  Non-class:      3.33 MB used.
      Class:    337.61 KB used.
       Both:      3.66 MB used.

Virtual space:
  Non-class space:       64.00 MB reserved,       3.38 MB (  5%) committed,  1 nodes.
      Class space:        1.00 GB reserved,     448.00 KB ( <1%) committed,  1 nodes.
             Both:        1.06 GB reserved,       3.81 MB ( <1%) committed. 

Chunk freelists:
   Non-Class:  3.00 MB
       Class:  3.59 MB
        Both:  6.59 MB

MaxMetaspaceSize: unlimited
CompressedClassSpaceSize: 1.00 GB
Initial GC threshold: 21.00 MB
Current GC threshold: 21.00 MB
CDS: on
MetaspaceReclaimPolicy: balanced
 - commit_granule_bytes: 65536.
 - commit_granule_words: 8192.
 - virtual_space_node_default_size: 8388608.
 - enlarge_chunks_in_place: 1.
 - new_chunks_are_fully_committed: 0.
 - uncommit_free_chunks: 1.
 - use_allocation_guard: 0.


Internal statistics:

num_allocs_failed_limit: 0.
num_arena_births: 102.
num_arena_deaths: 0.
num_vsnodes_births: 2.
num_vsnodes_deaths: 0.
num_space_committed: 61.
num_space_uncommitted: 0.
num_chunks_returned_to_freelist: 0.
num_chunks_taken_from_freelist: 172.
num_chunk_merges: 0.
num_chunk_splits: 108.
num_chunks_enlarged: 66.
num_inconsistent_stats: 0.

CodeHeap 'non-profiled nmethods': size=120032Kb used=205Kb max_used=205Kb free=119826Kb
 bounds [0x0000000118c36000, 0x0000000118ea6000, 0x000000012016e000]
CodeHeap 'profiled nmethods': size=120028Kb used=983Kb max_used=983Kb free=119044Kb
 bounds [0x00000001116ff000, 0x000000011196f000, 0x0000000118c36000]
CodeHeap 'non-nmethods': size=5700Kb used=1168Kb max_used=1182Kb free=4531Kb
 bounds [0x000000011116e000, 0x00000001113de000, 0x00000001116ff000]
 total_blobs=1130 nmethods=674 adapters=370
 compilation: enabled
              stopped_count=0, restarted_count=0
 full_count=0

Compilation events (20 events):
Event: 2.457 Thread 0x00007fbb79009c00  665       3       jdk.internal.loader.BuiltinClassLoader::loadClass (22 bytes)
Event: 2.457 Thread 0x00007fbb79009c00 nmethod 665 0x00000001117f1910 code [0x00000001117f1ac0, 0x00000001117f1d70]
Event: 2.497 Thread 0x00007fbb79009c00  666       3       sun.net.www.ParseUtil::encodePath (41 bytes)
Event: 2.497 Thread 0x00007fbb79009c00 nmethod 666 0x00000001117f1e90 code [0x00000001117f2060, 0x00000001117f2270]
Event: 2.497 Thread 0x00007fbb79009c00  667   !   3       java.util.zip.ZipFile$Source::readFullyAt (74 bytes)
Event: 2.498 Thread 0x00007fbb79009c00 nmethod 667 0x00000001117f2310 code [0x00000001117f2520, 0x00000001117f2ae0]
Event: 2.498 Thread 0x00007fbb79009c00  668       3       java.util.ArrayDeque::pollFirst (36 bytes)
Event: 2.499 Thread 0x00007fbb79009c00 nmethod 668 0x00000001117f2e90 code [0x00000001117f3060, 0x00000001117f3470]
Event: 2.500 Thread 0x00007fbb79009c00  669       3       jdk.internal.loader.ClassLoaders$AppClassLoader::loadClass (40 bytes)
Event: 2.500 Thread 0x00007fbb79009c00 nmethod 669 0x00000001117f3610 code [0x00000001117f37e0, 0x00000001117f3bd0]
Event: 2.503 Thread 0x00007fbb79009c00  670       1       java.nio.Buffer::position (5 bytes)
Event: 2.503 Thread 0x00007fbb79009c00 nmethod 670 0x0000000118c68f90 code [0x0000000118c69120, 0x0000000118c691f0]
Event: 2.524 Thread 0x00007fbb79009c00  671       3       java.lang.Integer::valueOf (32 bytes)
Event: 2.525 Thread 0x00007fbb79009c00 nmethod 671 0x00000001117f3d90 code [0x00000001117f3f60, 0x00000001117f4270]
Event: 2.525 Thread 0x00007fbb79009c00  672       3       java.nio.Buffer::remaining (20 bytes)
Event: 2.525 Thread 0x00007fbb79009c00 nmethod 672 0x00000001117f4390 code [0x00000001117f4540, 0x00000001117f46d0]
Event: 2.529 Thread 0x00007fbb79837600  673       4       java.lang.String::getBytes (44 bytes)
Event: 2.530 Thread 0x00007fbb79009c00  674       3       jdk.internal.access.SharedSecrets::javaUtilJarAccess (19 bytes)
Event: 2.530 Thread 0x00007fbb79009c00 nmethod 674 0x00000001117f4790 code [0x00000001117f4980, 0x00000001117f4d40]
Event: 2.530 Thread 0x00007fbb79837600 nmethod 673 0x0000000118c69290 code [0x0000000118c69420, 0x0000000118c69558]

GC Heap History (0 events):
No events

Deoptimization events (14 events):
Event: 0.297 Thread 0x00007fbb79808200 Uncommon trap: trap_request=0xfffffff4 fr.pc=0x0000000118c40d48 relative=0x00000000000001a8
Event: 0.297 Thread 0x00007fbb79808200 Uncommon trap: reason=null_check action=make_not_entrant pc=0x0000000118c40d48 method=java.lang.String.equals(Ljava/lang/Object;)Z @ 8 c2
Event: 0.297 Thread 0x00007fbb79808200 DEOPT PACKING pc=0x0000000118c40d48 sp=0x0000700009439330
Event: 0.297 Thread 0x00007fbb79808200 DEOPT UNPACKING pc=0x00000001111c0099 sp=0x00007000094392f8 mode 2
Event: 0.462 Thread 0x00007fbb79808200 DEOPT PACKING pc=0x000000011172c1da sp=0x0000700009438d70
Event: 0.462 Thread 0x00007fbb79808200 DEOPT UNPACKING pc=0x00000001111c082f sp=0x00007000094381b0 mode 0
Event: 0.576 Thread 0x00007fbb79808200 DEOPT PACKING pc=0x000000011170734e sp=0x00007000094388e0
Event: 0.576 Thread 0x00007fbb79808200 DEOPT UNPACKING pc=0x00000001111c082f sp=0x0000700009437d78 mode 0
Event: 2.286 Thread 0x00007fbb79808200 DEOPT PACKING pc=0x00000001117350ee sp=0x00007000094387b0
Event: 2.286 Thread 0x00007fbb79808200 DEOPT UNPACKING pc=0x00000001111c082f sp=0x0000700009437c20 mode 0
Event: 2.321 Thread 0x00007fbb79808200 Uncommon trap: trap_request=0xffffff45 fr.pc=0x0000000118c63af8 relative=0x0000000000000258
Event: 2.321 Thread 0x00007fbb79808200 Uncommon trap: reason=unstable_if action=reinterpret pc=0x0000000118c63af8 method=java.lang.String.startsWith(Ljava/lang/String;I)Z @ 1 c2
Event: 2.321 Thread 0x00007fbb79808200 DEOPT PACKING pc=0x0000000118c63af8 sp=0x00007000094393b0
Event: 2.321 Thread 0x00007fbb79808200 DEOPT UNPACKING pc=0x00000001111c0099 sp=0x0000700009439338 mode 2

Classes loaded (20 events):
Event: 2.506 Loading class java/awt/GraphicsConfiguration
Event: 2.507 Loading class java/awt/GraphicsConfiguration done
Event: 2.508 Loading class java/awt/IllegalComponentStateException
Event: 2.509 Loading class java/awt/IllegalComponentStateException done
Event: 2.509 Loading class java/awt/Point
Event: 2.511 Loading class java/awt/geom/Point2D
Event: 2.511 Loading class java/awt/geom/Point2D done
Event: 2.511 Loading class java/awt/Point done
Event: 2.511 Loading class java/awt/Image
Event: 2.512 Loading class java/awt/Image done
Event: 2.512 Loading class java/awt/image/BufferedImage
Event: 2.512 Loading class java/awt/image/WritableRenderedImage
Event: 2.513 Loading class java/awt/image/RenderedImage
Event: 2.513 Loading class java/awt/image/RenderedImage done
Event: 2.513 Loading class java/awt/image/WritableRenderedImage done
Event: 2.513 Loading class java/awt/Transparency
Event: 2.513 Loading class java/awt/Transparency done
Event: 2.514 Loading class java/awt/image/BufferedImage done
Event: 2.532 Loading class java/lang/NumberFormatException
Event: 2.532 Loading class java/lang/NumberFormatException done

Classes unloaded (0 events):
No events

Classes redefined (0 events):
No events

Internal exceptions (20 events):
Event: 0.542 Thread 0x00007fbb79808200 Exception <a 'java/lang/NoSuchMethodError'{0x0000000787c40510}: 'int java.lang.invoke.DirectMethodHandle$Holder.invokeSpecial(java.lang.Object, java.lang.Object, java.lang.Object, int)'> (0x0000000787c40510) 
thrown [src/hotspot/share/interpreter/linkResolver.cpp, line 759]
Event: 0.565 Thread 0x00007fbb79808200 Exception <a 'java/lang/NoSuchMethodError'{0x0000000787c52da8}: 'java.lang.Object java.lang.invoke.DirectMethodHandle$Holder.invokeStatic(java.lang.Object, java.lang.Object, java.lang.Object, java.lang.Object, int)'> (0x0000000787c52da8) 
thrown [src/hotspot/share/interpreter/linkResolver.cpp, line 759]
Event: 0.573 Thread 0x00007fbb79808200 Exception <a 'java/lang/NoSuchMethodError'{0x0000000787c5e3a0}: 'int java.lang.invoke.DelegatingMethodHandle$Holder.reinvoke_L(java.lang.Object, java.lang.Object, int, int)'> (0x0000000787c5e3a0) 
thrown [src/hotspot/share/interpreter/linkResolver.cpp, line 759]
Event: 0.671 Thread 0x00007fbb79808200 Exception <a 'java/lang/ClassNotFoundException'{0x0000000787ccf788}: sun/awt/resources/spi/awtProvider> (0x0000000787ccf788) 
thrown [src/hotspot/share/classfile/systemDictionary.cpp, line 255]
Event: 0.797 Thread 0x00007fbb79808200 Exception <a 'java/io/FileNotFoundException'{0x0000000787b1c640}> (0x0000000787b1c640) 
thrown [src/hotspot/share/prims/jni.cpp, line 516]
Event: 0.810 Thread 0x00007fbb79808200 Exception <a 'java/io/FileNotFoundException'{0x0000000787b49558}> (0x0000000787b49558) 
thrown [src/hotspot/share/prims/jni.cpp, line 516]
Event: 0.814 Thread 0x00007fbb79808200 Exception <a 'java/lang/NoSuchMethodError'{0x0000000787b4a620}: 'java.lang.Object java.lang.invoke.DirectMethodHandle$Holder.invokeStaticInit(java.lang.Object)'> (0x0000000787b4a620) 
thrown [src/hotspot/share/interpreter/linkResolver.cpp, line 759]
Event: 0.825 Thread 0x00007fbb79808200 Exception <a 'java/lang/ClassNotFoundException'{0x0000000787b50ab8}: sun/awt/resources/spi/awtosxProvider> (0x0000000787b50ab8) 
thrown [src/hotspot/share/classfile/systemDictionary.cpp, line 255]
Event: 1.336 Thread 0x00007fbb78877600 Exception <a 'java/lang/NoSuchMethodError'{0x0000000787aec828}: 'java.lang.Object java.lang.invoke.Invokers$Holder.invokeExact_MT(java.lang.Object, java.lang.Object, java.lang.Object, java.lang.Object, java.lang.Object, java.lang.Object)'> (0x0000000787aec828) 
thrown [src/hotspot/share/interpreter/linkResolver.cpp, line 759]
Event: 1.404 Thread 0x00007fbb79808200 Exception <a 'java/lang/NoSuchMethodError'{0x0000000787b764c0}: 'java.lang.Object java.lang.invoke.DirectMethodHandle$Holder.invokeInterface(java.lang.Object, java.lang.Object)'> (0x0000000787b764c0) 
thrown [src/hotspot/share/interpreter/linkResolver.cpp, line 759]
Event: 1.404 Thread 0x00007fbb79808200 Exception <a 'java/lang/IncompatibleClassChangeError'{0x0000000787b79cb0}: Found class java.lang.Object, but interface was expected> (0x0000000787b79cb0) 
thrown [src/hotspot/share/interpreter/linkResolver.cpp, line 826]
Event: 1.884 Thread 0x00007fbb79808200 Exception <a 'org/lwjgl/LWJGLException'{0x0000000787985c88}: Could not load OpenAL library> (0x0000000787985c88) 
thrown [src/hotspot/share/prims/jni.cpp, line 535]
Event: 1.884 Thread 0x00007fbb79808200 Exception <a 'org/lwjgl/LWJGLException'{0x0000000787986150}: Could not load OpenAL library> (0x0000000787986150) 
thrown [src/hotspot/share/prims/jni.cpp, line 535]
Event: 1.885 Thread 0x00007fbb79808200 Exception <a 'org/lwjgl/LWJGLException'{0x00000007879865e8}: Could not load OpenAL library> (0x00000007879865e8) 
thrown [src/hotspot/share/prims/jni.cpp, line 535]
Event: 1.887 Thread 0x00007fbb79808200 Exception <a 'org/lwjgl/LWJGLException'{0x0000000787986aa0}: Could not load OpenAL library> (0x0000000787986aa0) 
thrown [src/hotspot/share/prims/jni.cpp, line 535]
Event: 1.887 Thread 0x00007fbb79808200 Exception <a 'org/lwjgl/LWJGLException'{0x0000000787986f50}: Could not load OpenAL library> (0x0000000787986f50) 
thrown [src/hotspot/share/prims/jni.cpp, line 535]
Event: 1.888 Thread 0x00007fbb79808200 Exception <a 'org/lwjgl/LWJGLException'{0x00000007879873b8}: Could not load OpenAL library> (0x00000007879873b8) 
thrown [src/hotspot/share/prims/jni.cpp, line 535]
Event: 1.888 Thread 0x00007fbb79808200 Exception <a 'org/lwjgl/LWJGLException'{0x0000000787987800}: Could not load OpenAL library> (0x0000000787987800) 
thrown [src/hotspot/share/prims/jni.cpp, line 535]
Event: 1.889 Thread 0x00007fbb79808200 Exception <a 'org/lwjgl/LWJGLException'{0x0000000787987cb0}: Could not load OpenAL library> (0x0000000787987cb0) 
thrown [src/hotspot/share/prims/jni.cpp, line 535]
Event: 2.354 Thread 0x00007fbb79808200 Exception <a 'java/lang/NoSuchMethodError'{0x00000007879e4638}: 'int java.lang.invoke.Invokers$Holder.invokeExact_MT(java.lang.Object, java.lang.Object)'> (0x00000007879e4638) 
thrown [src/hotspot/share/interpreter/linkResolver.cpp, line 759]

VM Operations (10 events):
Event: 0.138 Executing VM operation: HandshakeAllThreads
Event: 0.138 Executing VM operation: HandshakeAllThreads done
Event: 0.319 Executing VM operation: HandshakeAllThreads
Event: 0.319 Executing VM operation: HandshakeAllThreads done
Event: 0.486 Executing VM operation: HandshakeAllThreads
Event: 0.486 Executing VM operation: HandshakeAllThreads done
Event: 1.149 Executing VM operation: Cleanup
Event: 1.149 Executing VM operation: Cleanup done
Event: 2.150 Executing VM operation: Cleanup
Event: 2.151 Executing VM operation: Cleanup done

Events (20 events):
Event: 0.338 Loaded shared library /Users/hodann/Library/Java/JavaVirtualMachines/corretto-18.0.2/Contents/Home/lib/libextnet.dylib
Event: 0.466 Loaded shared library /Users/hodann/Library/Java/JavaVirtualMachines/corretto-18.0.2/Contents/Home/lib/libjimage.dylib
Event: 0.506 Loaded shared library /private/var/folders/fd/5hvfwn491cz1prhtnnxlym4w0000gn/T/libgdxHarun/21f66466/libgdx64.dylib
Event: 0.639 Loaded shared library /Users/hodann/Library/Java/JavaVirtualMachines/corretto-18.0.2/Contents/Home/lib/libverify.dylib
Event: 0.734 Loaded shared library /Users/hodann/Library/Java/JavaVirtualMachines/corretto-18.0.2/Contents/Home/lib/libawt.dylib
Event: 0.775 Loaded shared library /Users/hodann/Library/Java/JavaVirtualMachines/corretto-18.0.2/Contents/Home/lib/libawt_lwawt.dylib
Event: 0.851 Loaded shared library /Users/hodann/Library/Java/JavaVirtualMachines/corretto-18.0.2/Contents/Home/lib/libfontmanager.dylib
Event: 0.887 Protecting memory [0x00007ff7bb8a9000,0x00007ff7bb8ad000] with protection modes 0
Event: 0.887 Thread 0x00007fbb79010600 Thread added: 0x00007fbb79010600
Event: 1.137 Thread 0x00007fbb79955e00 Thread added: 0x00007fbb79955e00
Event: 1.137 Protecting memory [0x000070000a779000,0x000070000a77d000] with protection modes 0
Event: 1.150 Thread 0x00007fbb78877600 Thread added: 0x00007fbb78877600
Event: 1.150 Protecting memory [0x000070000a87c000,0x000070000a880000] with protection modes 0
Event: 1.392 Loaded shared library /private/var/folders/fd/5hvfwn491cz1prhtnnxlym4w0000gn/T/libgdxHarun/f7649394/liblwjgl.dylib
Event: 2.379 Thread 0x00007fbb799b4600 Thread added: 0x00007fbb799b4600
Event: 2.380 Protecting memory [0x000070000ac91000,0x000070000ac95000] with protection modes 0
Event: 2.380 Protecting memory [0x000070000933a000,0x000070000933e000] with protection modes 3
Event: 2.380 Thread 0x00007fbb79808200 Thread exited: 0x00007fbb79808200
Event: 2.380 Protecting memory [0x000070000933a000,0x000070000933e000] with protection modes 0
Event: 2.380 Thread 0x00007fbb78899000 Thread added: 0x00007fbb78899000


Dynamic libraries:
0x0000000103f80000 	/Users/hodann/Library/Java/JavaVirtualMachines/corretto-18.0.2/Contents/Home/lib/libjli.dylib
0x00007ff81e79d000 	/usr/lib/libz.1.dylib
0x00007ff81e87d000 	/usr/lib/libSystem.B.dylib
0x00007ff81e878000 	/usr/lib/system/libcache.dylib
0x00007ff81e834000 	/usr/lib/system/libcommonCrypto.dylib
0x00007ff81e85d000 	/usr/lib/system/libcompiler_rt.dylib
0x00007ff81e853000 	/usr/lib/system/libcopyfile.dylib
0x00007ff81380b000 	/usr/lib/system/libcorecrypto.dylib
0x00007ff8138c9000 	/usr/lib/system/libdispatch.dylib
0x00007ff813a89000 	/usr/lib/system/libdyld.dylib
0x00007ff81e86f000 	/usr/lib/system/libkeymgr.dylib
0x00007ff81e812000 	/usr/lib/system/libmacho.dylib
0x00007ff81de93000 	/usr/lib/system/libquarantine.dylib
0x00007ff81e86d000 	/usr/lib/system/libremovefile.dylib
0x00007ff818a1e000 	/usr/lib/system/libsystem_asl.dylib
0x00007ff8137b4000 	/usr/lib/system/libsystem_blocks.dylib
0x00007ff81394d000 	/usr/lib/system/libsystem_c.dylib
0x00007ff81e865000 	/usr/lib/system/libsystem_collections.dylib
0x00007ff81d147000 	/usr/lib/system/libsystem_configuration.dylib
0x00007ff81c3f0000 	/usr/lib/system/libsystem_containermanager.dylib
0x00007ff81e54a000 	/usr/lib/system/libsystem_coreservices.dylib
0x00007ff8160bf000 	/usr/lib/system/libsystem_darwin.dylib
0x00007ff81e870000 	/usr/lib/system/libsystem_dnssd.dylib
0x00007ff81394a000 	/usr/lib/system/libsystem_featureflags.dylib
0x00007ff813a9f000 	/usr/lib/system/libsystem_info.dylib
0x00007ff81e7b0000 	/usr/lib/system/libsystem_m.dylib
0x00007ff81389d000 	/usr/lib/system/libsystem_malloc.dylib
0x00007ff8189b9000 	/usr/lib/system/libsystem_networkextension.dylib
0x00007ff8164e5000 	/usr/lib/system/libsystem_notify.dylib
0x00007ff824aef000 	/usr/lib/system/libsystem_product_info_filter.dylib
0x00007ff81d14b000 	/usr/lib/system/libsystem_sandbox.dylib
0x00007ff81e86a000 	/usr/lib/system/libsystem_secinit.dylib
0x00007ff813a45000 	/usr/lib/system/libsystem_kernel.dylib
0x00007ff813a95000 	/usr/lib/system/libsystem_platform.dylib
0x00007ff813a7d000 	/usr/lib/system/libsystem_pthread.dylib
0x00007ff81a26c000 	/usr/lib/system/libsystem_symptoms.dylib
0x00007ff8137f2000 	/usr/lib/system/libsystem_trace.dylib
0x00007ff81e840000 	/usr/lib/system/libunwind.dylib
0x00007ff8137b6000 	/usr/lib/system/libxpc.dylib
0x00007ff813a2f000 	/usr/lib/libc++abi.dylib
0x00007ff813910000 	/usr/lib/libobjc.A.dylib
0x00007ff81e84b000 	/usr/lib/liboah.dylib
0x00007ff8139d6000 	/usr/lib/libc++.1.dylib
0x00007ff82a8f1000 	/System/Library/Frameworks/Cocoa.framework/Versions/A/Cocoa
0x00007ff816543000 	/System/Library/Frameworks/AppKit.framework/Versions/C/AppKit
0x00007ff819a5a000 	/System/Library/Frameworks/CoreData.framework/Versions/A/CoreData
0x00007ff814946000 	/System/Library/Frameworks/Foundation.framework/Versions/C/Foundation
0x00007ff8173d3000 	/System/Library/PrivateFrameworks/UIFoundation.framework/Versions/A/UIFoundation
0x00007ff8247f2000 	/System/Library/PrivateFrameworks/RemoteViewServices.framework/Versions/A/RemoteViewServices
0x00007ff81cad1000 	/System/Library/PrivateFrameworks/XCTTargetBootstrap.framework/Versions/A/XCTTargetBootstrap
0x00007ff820688000 	/System/Library/PrivateFrameworks/InternationalSupport.framework/Versions/A/InternationalSupport
0x00007ff820712000 	/System/Library/PrivateFrameworks/UserActivity.framework/Versions/A/UserActivity
0x00007ff81fa64000 	/usr/lib/libspindump.dylib
0x00007ff817662000 	/System/Library/Frameworks/UniformTypeIdentifiers.framework/Versions/A/UniformTypeIdentifiers
0x00007ff81b1f5000 	/usr/lib/libapp_launch_measurement.dylib
0x00007ff81a42c000 	/System/Library/PrivateFrameworks/CoreAnalytics.framework/Versions/A/CoreAnalytics
0x00007ff81b1f8000 	/System/Library/PrivateFrameworks/CoreAutoLayout.framework/Versions/A/CoreAutoLayout
0x00007ff81c428000 	/System/Library/Frameworks/Metal.framework/Versions/A/Metal
0x00007ff81d157000 	/usr/lib/liblangid.dylib
0x00007ff81cad6000 	/System/Library/PrivateFrameworks/CoreSVG.framework/Versions/A/CoreSVG
0x00007ff818a4e000 	/System/Library/PrivateFrameworks/SkyLight.framework/Versions/A/SkyLight
0x00007ff818ded000 	/System/Library/Frameworks/CoreGraphics.framework/Versions/A/CoreGraphics
0x00007ff824eb2000 	/System/Library/Frameworks/Accelerate.framework/Versions/A/Accelerate
0x00007ff81f4e3000 	/System/Library/PrivateFrameworks/IconServices.framework/Versions/A/IconServices
0x00007ff81c40d000 	/System/Library/Frameworks/IOSurface.framework/Versions/A/IOSurface
0x00007ff81a45a000 	/usr/lib/libDiagnosticMessagesClient.dylib
0x00007ff828595000 	/System/Library/Frameworks/ApplicationServices.framework/Versions/A/ApplicationServices
0x00007ff81cabd000 	/System/Library/PrivateFrameworks/DFRFoundation.framework/Versions/A/DFRFoundation
0x00007ff815e2b000 	/usr/lib/libicucore.A.dylib
0x00007ff82147e000 	/System/Library/Frameworks/AudioToolbox.framework/Versions/A/AudioToolbox
0x00007ff820694000 	/System/Library/PrivateFrameworks/DataDetectorsCore.framework/Versions/A/DataDetectorsCore
0x00007ff91cb91000 	/System/Library/PrivateFrameworks/TextInput.framework/Versions/A/TextInput
0x00007ff8189d1000 	/usr/lib/libMobileGestalt.dylib
0x00007ff81c7c9000 	/System/Library/Frameworks/Carbon.framework/Versions/A/Frameworks/HIToolbox.framework/Versions/A/HIToolbox
0x00007ff81abf7000 	/System/Library/Frameworks/QuartzCore.framework/Versions/A/QuartzCore
0x00007ff815ad0000 	/System/Library/Frameworks/Security.framework/Versions/A/Security
0x00007ff82482a000 	/System/Library/Frameworks/Carbon.framework/Versions/A/Frameworks/SpeechRecognition.framework/Versions/A/SpeechRecognition
0x00007ff81af55000 	/System/Library/PrivateFrameworks/CoreUI.framework/Versions/A/CoreUI
0x00007ff81539a000 	/System/Library/Frameworks/CoreAudio.framework/Versions/A/CoreAudio
0x00007ff81a549000 	/System/Library/Frameworks/DiskArbitration.framework/Versions/A/DiskArbitration
0x00007ff81fe54000 	/System/Library/PrivateFrameworks/MultitouchSupport.framework/Versions/A/MultitouchSupport
0x00007ff8189d0000 	/usr/lib/libenergytrace.dylib
0x00007ff81642f000 	/System/Library/Frameworks/IOKit.framework/Versions/A/IOKit
0x00007ff824c1a000 	/System/Library/Frameworks/CoreServices.framework/Versions/A/CoreServices
0x00007ff81b18f000 	/System/Library/PrivateFrameworks/PerformanceAnalysis.framework/Versions/A/PerformanceAnalysis
0x00007ffa2c870000 	/System/Library/Frameworks/OpenGL.framework/Versions/A/OpenGL
0x00007ff81ddb9000 	/System/Library/PrivateFrameworks/MobileKeyBag.framework/Versions/A/MobileKeyBag
0x00007ff8194b9000 	/System/Library/Frameworks/ColorSync.framework/Versions/A/ColorSync
0x00007ff813aca000 	/System/Library/Frameworks/CoreFoundation.framework/Versions/A/CoreFoundation
0x00007ff81cd4d000 	/System/Library/Frameworks/CoreImage.framework/Versions/A/CoreImage
0x00007ff8151ae000 	/System/Library/Frameworks/CoreText.framework/Versions/A/CoreText
0x00007ff81cb06000 	/System/Library/Frameworks/ImageIO.framework/Versions/A/ImageIO
0x00007ff81e883000 	/System/Library/PrivateFrameworks/SoftLinking.framework/Versions/A/SoftLinking
0x00007ff81b240000 	/usr/lib/libxml2.2.dylib
0x00007ff81eb07000 	/usr/lib/libcompression.dylib
0x00007ff8205bb000 	/System/Library/PrivateFrameworks/TextureIO.framework/Versions/A/TextureIO
0x00007ff81f1f5000 	/usr/lib/libate.dylib
0x00007ff81efd1000 	/usr/lib/liblzma.5.dylib
0x00007ff814658000 	/System/Library/Frameworks/SystemConfiguration.framework/Versions/A/SystemConfiguration
0x00007ff81e87f000 	/usr/lib/libfakelink.dylib
0x00007ff818529000 	/System/Library/Frameworks/CFNetwork.framework/Versions/A/CFNetwork
0x00007ff81e9c0000 	/usr/lib/libarchive.2.dylib
0x00007ff81d153000 	/System/Library/PrivateFrameworks/AppleSystemInfo.framework/Versions/A/AppleSystemInfo
0x00007ff81deba000 	/usr/lib/libbsm.0.dylib
0x00007ff817b38000 	/usr/lib/libnetwork.dylib
0x00007ff81e818000 	/usr/lib/system/libkxld.dylib
0x00007ff81daed000 	/System/Library/PrivateFrameworks/IOMobileFramebuffer.framework/Versions/A/IOMobileFramebuffer
0x00007ffb2c247000 	/usr/lib/libCoreEntitlements.dylib
0x00007ff81e52c000 	/System/Library/PrivateFrameworks/AppleFSCompression.framework/Versions/A/AppleFSCompression
0x00007ff81dea2000 	/usr/lib/libcoretls.dylib
0x00007ff81efeb000 	/usr/lib/libcoretls_cfhelpers.dylib
0x00007ff81eb02000 	/usr/lib/libpam.2.dylib
0x00007ff819e8b000 	/usr/lib/libsqlite3.dylib
0x00007ff81f05a000 	/usr/lib/libxar.1.dylib
0x00007ff81e53c000 	/usr/lib/libbz2.1.0.dylib
0x00007ff81e884000 	/usr/lib/libpcap.A.dylib
0x00007ff81a264000 	/usr/lib/libdns_services.dylib
0x00007ff81ead2000 	/usr/lib/libapple_nghttp2.dylib
0x00007ff81e8be000 	/usr/lib/libiconv.2.dylib
0x00007ff81e811000 	/usr/lib/libcharset.1.dylib
0x00007ff81b1c3000 	/System/Library/Frameworks/CoreServices.framework/Versions/A/Frameworks/FSEvents.framework/Versions/A/FSEvents
0x00007ff8160c9000 	/System/Library/Frameworks/CoreServices.framework/Versions/A/Frameworks/CarbonCore.framework/Versions/A/CarbonCore
0x00007ff81a4ad000 	/System/Library/Frameworks/CoreServices.framework/Versions/A/Frameworks/Metadata.framework/Versions/A/Metadata
0x00007ff81e54f000 	/System/Library/Frameworks/CoreServices.framework/Versions/A/Frameworks/OSServices.framework/Versions/A/OSServices
0x00007ff81ea47000 	/System/Library/Frameworks/CoreServices.framework/Versions/A/Frameworks/SearchKit.framework/Versions/A/SearchKit
0x00007ff81a1f6000 	/System/Library/Frameworks/CoreServices.framework/Versions/A/Frameworks/AE.framework/Versions/A/AE
0x00007ff813fcd000 	/System/Library/Frameworks/CoreServices.framework/Versions/A/Frameworks/LaunchServices.framework/Versions/A/LaunchServices
0x00007ff81ef82000 	/System/Library/Frameworks/CoreServices.framework/Versions/A/Frameworks/DictionaryServices.framework/Versions/A/DictionaryServices
0x00007ff81b1d0000 	/System/Library/Frameworks/CoreServices.framework/Versions/A/Frameworks/SharedFileList.framework/Versions/A/SharedFileList
0x00007ff81de96000 	/usr/lib/libCheckFix.dylib
0x00007ff818a35000 	/System/Library/PrivateFrameworks/TCC.framework/Versions/A/TCC
0x00007ff81d159000 	/System/Library/PrivateFrameworks/CoreNLP.framework/Versions/A/CoreNLP
0x00007ff81a45d000 	/System/Library/PrivateFrameworks/MetadataUtilities.framework/Versions/A/MetadataUtilities
0x00007ff814709000 	/usr/lib/libmecabra.dylib
0x00007ff81deca000 	/usr/lib/libmecab.dylib
0x00007ff8146d4000 	/usr/lib/libCRFSuite.dylib
0x00007ff81df24000 	/usr/lib/libgermantok.dylib
0x00007ff81eaad000 	/usr/lib/libThaiTokenizer.dylib
0x00007ff81a550000 	/System/Library/Frameworks/Accelerate.framework/Versions/A/Frameworks/vImage.framework/Versions/A/vImage
0x00007ff824bf1000 	/System/Library/Frameworks/Accelerate.framework/Versions/A/Frameworks/vecLib.framework/Versions/A/vecLib
0x00007ff81f09b000 	/System/Library/Frameworks/Accelerate.framework/Versions/A/Frameworks/vecLib.framework/Versions/A/libvMisc.dylib
0x00007ff81d918000 	/System/Library/Frameworks/Accelerate.framework/Versions/A/Frameworks/vecLib.framework/Versions/A/libvDSP.dylib
0x00007ff814348000 	/System/Library/Frameworks/Accelerate.framework/Versions/A/Frameworks/vecLib.framework/Versions/A/libBLAS.dylib
0x00007ff81ebe4000 	/System/Library/Frameworks/Accelerate.framework/Versions/A/Frameworks/vecLib.framework/Versions/A/libLAPACK.dylib
0x00007ff81df27000 	/System/Library/Frameworks/Accelerate.framework/Versions/A/Frameworks/vecLib.framework/Versions/A/libLinearAlgebra.dylib
0x00007ff81eaea000 	/System/Library/Frameworks/Accelerate.framework/Versions/A/Frameworks/vecLib.framework/Versions/A/libSparseBLAS.dylib
0x00007ff81ebde000 	/System/Library/Frameworks/Accelerate.framework/Versions/A/Frameworks/vecLib.framework/Versions/A/libQuadrature.dylib
0x00007ff81d244000 	/System/Library/Frameworks/Accelerate.framework/Versions/A/Frameworks/vecLib.framework/Versions/A/libBNNS.dylib
0x00007ff8145e2000 	/System/Library/Frameworks/Accelerate.framework/Versions/A/Frameworks/vecLib.framework/Versions/A/libSparse.dylib
0x00007ff81d23d000 	/System/Library/PrivateFrameworks/LinguisticData.framework/Versions/A/LinguisticData
0x00007ff814598000 	/System/Library/PrivateFrameworks/Lexicon.framework/Versions/A/Lexicon
0x00007ff81f094000 	/usr/lib/libChineseTokenizer.dylib
0x00007ff814d03000 	/System/Library/PrivateFrameworks/LanguageModeling.framework/Versions/A/LanguageModeling
0x00007ff81eaaf000 	/System/Library/PrivateFrameworks/AppleSauce.framework/Versions/A/AppleSauce
0x00007ff81dadb000 	/System/Library/PrivateFrameworks/CoreEmoji.framework/Versions/A/CoreEmoji
0x00007ff81e9af000 	/usr/lib/libcmph.dylib
0x00007ff81b1a7000 	/System/Library/Frameworks/OpenDirectory.framework/Versions/A/Frameworks/CFOpenDirectory.framework/Versions/A/CFOpenDirectory
0x00007ff81b19b000 	/System/Library/Frameworks/OpenDirectory.framework/Versions/A/OpenDirectory
0x00007ff81efed000 	/System/Library/PrivateFrameworks/APFS.framework/Versions/A/APFS
0x00007ff81ddf1000 	/System/Library/Frameworks/SecurityFoundation.framework/Versions/A/SecurityFoundation
0x00007ff81f068000 	/usr/lib/libutil.dylib
0x00007ff8163f3000 	/System/Library/PrivateFrameworks/CoreServicesStore.framework/Versions/A/CoreServicesStore
0x00007ff81f06c000 	/usr/lib/libxslt.1.dylib
0x00007ff81de7e000 	/System/Library/PrivateFrameworks/BackgroundTaskManagement.framework/Versions/A/BackgroundTaskManagement
0x00007ff8204db000 	/System/Library/Frameworks/ImageIO.framework/Versions/A/Resources/libRadiance.dylib
0x00007ff8204e4000 	/System/Library/Frameworks/ImageIO.framework/Versions/A/Resources/libJPEG.dylib
0x00007ff820433000 	/System/Library/Frameworks/ImageIO.framework/Versions/A/Resources/libPng.dylib
0x00007ff820454000 	/System/Library/Frameworks/ImageIO.framework/Versions/A/Resources/libTIFF.dylib
0x00007ff820544000 	/System/Library/Frameworks/ImageIO.framework/Versions/A/Resources/libGIF.dylib
0x00007ff81fd6e000 	/System/Library/Frameworks/ImageIO.framework/Versions/A/Resources/libJP2.dylib
0x00007ff81f4aa000 	/usr/lib/libexpat.1.dylib
0x00007ff81fd23000 	/System/Library/PrivateFrameworks/AppleJPEG.framework/Versions/A/AppleJPEG
0x00007ff81c68d000 	/System/Library/PrivateFrameworks/FontServices.framework/libFontParser.dylib
0x00007ff81a1a0000 	/System/Library/PrivateFrameworks/RunningBoardServices.framework/Versions/A/RunningBoardServices
0x00007ff82aeac000 	/System/Library/PrivateFrameworks/IOSurfaceAccelerator.framework/Versions/A/IOSurfaceAccelerator
0x00007ff81fe50000 	/System/Library/PrivateFrameworks/WatchdogClient.framework/Versions/A/WatchdogClient
0x00007ff814df1000 	/System/Library/Frameworks/CoreDisplay.framework/Versions/A/CoreDisplay
0x00007ff81c58b000 	/System/Library/Frameworks/CoreMedia.framework/Versions/A/CoreMedia
0x00007ff81c41f000 	/System/Library/PrivateFrameworks/IOAccelerator.framework/Versions/A/IOAccelerator
0x00007ff81b324000 	/System/Library/Frameworks/CoreVideo.framework/Versions/A/CoreVideo
0x00007ff81eb00000 	/System/Library/Frameworks/MetalPerformanceShaders.framework/Versions/A/MetalPerformanceShaders
0x00007ff81fe8d000 	/System/Library/Frameworks/VideoToolbox.framework/Versions/A/VideoToolbox
0x00007ff81a0ea000 	/System/Library/PrivateFrameworks/BaseBoard.framework/Versions/A/BaseBoard
0x00007ff819e71000 	/System/Library/PrivateFrameworks/ProtocolBuffer.framework/Versions/A/ProtocolBuffer
0x00007ff8204d4000 	/System/Library/PrivateFrameworks/GPUWrangler.framework/Versions/A/GPUWrangler
0x00007ff8204b8000 	/System/Library/PrivateFrameworks/IOPresentment.framework/Versions/A/IOPresentment
0x00007ff8204de000 	/System/Library/PrivateFrameworks/DSExternalDisplay.framework/Versions/A/DSExternalDisplay
0x00007ffa2c864000 	/System/Library/Frameworks/OpenGL.framework/Versions/A/Libraries/libCoreFSCache.dylib
0x00007ffb1993a000 	/System/Library/PrivateFrameworks/GPUCompiler.framework/Versions/31001/Libraries/libGPUCompilerUtils.dylib
0x00007ff820549000 	/System/Library/PrivateFrameworks/CMCaptureCore.framework/Versions/A/CMCaptureCore
0x00007ff81fa52000 	/System/Library/PrivateFrameworks/AppServerSupport.framework/Versions/A/AppServerSupport
0x00007ff821d17000 	/System/Library/PrivateFrameworks/perfdata.framework/Versions/A/perfdata
0x00007ff814f1d000 	/System/Library/PrivateFrameworks/AudioToolboxCore.framework/Versions/A/AudioToolboxCore
0x00007ff81c569000 	/System/Library/PrivateFrameworks/caulk.framework/Versions/A/caulk
0x00007ff821629000 	/usr/lib/libAudioStatistics.dylib
0x00007ff91931f000 	/System/Library/PrivateFrameworks/SystemPolicy.framework/Versions/A/SystemPolicy
0x00007ff821884000 	/usr/lib/libSMC.dylib
0x00007ff82a7a4000 	/System/Library/Frameworks/CoreMIDI.framework/Versions/A/CoreMIDI
0x00007ff820402000 	/usr/lib/libAudioToolboxUtility.dylib
0x00007ff915547000 	/System/Library/PrivateFrameworks/OSAServicesClient.framework/Versions/A/OSAServicesClient
0x00007ff821d24000 	/usr/lib/libperfcheck.dylib
0x00007ff919dcc000 	/usr/lib/libmis.dylib
0x00007ffa2c8bf000 	/System/Library/Frameworks/OpenGL.framework/Versions/A/Libraries/libGLU.dylib
0x00007ffa2c883000 	/System/Library/Frameworks/OpenGL.framework/Versions/A/Libraries/libGFXShared.dylib
0x00007ffa2ca8c000 	/System/Library/Frameworks/OpenGL.framework/Versions/A/Libraries/libGL.dylib
0x00007ffa2c88c000 	/System/Library/Frameworks/OpenGL.framework/Versions/A/Libraries/libGLImage.dylib
0x00007ffa2c880000 	/System/Library/Frameworks/OpenGL.framework/Versions/A/Libraries/libCVMSPluginSupport.dylib
0x00007ffa2c86b000 	/System/Library/Frameworks/OpenGL.framework/Versions/A/Libraries/libCoreVMClient.dylib
0x00007ff81d0d5000 	/System/Library/Frameworks/MetalPerformanceShaders.framework/Versions/A/Frameworks/MPSCore.framework/Versions/A/MPSCore
0x00007ff81e497000 	/System/Library/Frameworks/MetalPerformanceShaders.framework/Versions/A/Frameworks/MPSImage.framework/Versions/A/MPSImage
0x00007ff81df3d000 	/System/Library/Frameworks/MetalPerformanceShaders.framework/Versions/A/Frameworks/MPSNeuralNetwork.framework/Versions/A/MPSNeuralNetwork
0x00007ff81e3b1000 	/System/Library/Frameworks/MetalPerformanceShaders.framework/Versions/A/Frameworks/MPSMatrix.framework/Versions/A/MPSMatrix
0x00007ff81e16c000 	/System/Library/Frameworks/MetalPerformanceShaders.framework/Versions/A/Frameworks/MPSRayIntersector.framework/Versions/A/MPSRayIntersector
0x00007ff81e3e9000 	/System/Library/Frameworks/MetalPerformanceShaders.framework/Versions/A/Frameworks/MPSNDArray.framework/Versions/A/MPSNDArray
0x00007ffa32344000 	/System/Library/Frameworks/MetalPerformanceShaders.framework/Versions/A/Frameworks/MPSFunctions.framework/Versions/A/MPSFunctions
0x00007ff814224000 	/System/Library/PrivateFrameworks/MetalTools.framework/Versions/A/MetalTools
0x00007ff81d151000 	/System/Library/PrivateFrameworks/AggregateDictionary.framework/Versions/A/AggregateDictionary
0x00007ff81f28c000 	/usr/lib/libIOReport.dylib
0x00007ffa2de9b000 	/System/Library/Frameworks/OpenCL.framework/Versions/A/OpenCL
0x00007ff81f5f0000 	/System/Library/PrivateFrameworks/FaceCore.framework/Versions/A/FaceCore
0x00007ff81f5e1000 	/System/Library/PrivateFrameworks/GraphVisualizer.framework/Versions/A/GraphVisualizer
0x00007ffb19845000 	/System/Library/PrivateFrameworks/FontServices.framework/Versions/A/FontServices
0x00007ff81fa0a000 	/System/Library/PrivateFrameworks/OTSVG.framework/Versions/A/OTSVG
0x00007ff81af0a000 	/System/Library/Frameworks/ApplicationServices.framework/Versions/A/Frameworks/ATS.framework/Versions/A/Resources/libFontRegistry.dylib
0x00007ff81fa5a000 	/System/Library/PrivateFrameworks/FontServices.framework/libhvf.dylib
0x00007ffb19846000 	/System/Library/PrivateFrameworks/FontServices.framework/libXTFontStaticRegistryData.dylib
0x00007ff81f45a000 	/System/Library/PrivateFrameworks/AppleVA.framework/Versions/A/AppleVA
0x00007ff821649000 	/System/Library/Frameworks/ApplicationServices.framework/Versions/A/Frameworks/ATS.framework/Versions/A/ATS
0x00007ff8195b7000 	/System/Library/Frameworks/ApplicationServices.framework/Versions/A/Frameworks/HIServices.framework/Versions/A/HIServices
0x00007ff820553000 	/System/Library/Frameworks/ApplicationServices.framework/Versions/A/Frameworks/PrintCore.framework/Versions/A/PrintCore
0x00007ff8219d7000 	/System/Library/Frameworks/ApplicationServices.framework/Versions/A/Frameworks/QD.framework/Versions/A/QD
0x00007ff8219cf000 	/System/Library/Frameworks/ApplicationServices.framework/Versions/A/Frameworks/ColorSyncLegacy.framework/Versions/A/ColorSyncLegacy
0x00007ff821639000 	/System/Library/Frameworks/ApplicationServices.framework/Versions/A/Frameworks/SpeechSynthesis.framework/Versions/A/SpeechSynthesis
0x00007ff820514000 	/System/Library/Frameworks/ApplicationServices.framework/Versions/A/Frameworks/ATSUI.framework/Versions/A/ATSUI
0x00007ff821964000 	/usr/lib/libcups.2.dylib
0x00007ff821d33000 	/System/Library/Frameworks/Kerberos.framework/Versions/A/Kerberos
0x00007ff821d42000 	/System/Library/Frameworks/GSS.framework/Versions/A/GSS
0x00007ff8216b5000 	/usr/lib/libresolv.9.dylib
0x00007ff81fa69000 	/System/Library/PrivateFrameworks/Heimdal.framework/Versions/A/Heimdal
0x00007ff828927000 	/System/Library/Frameworks/Kerberos.framework/Versions/A/Libraries/libHeimdalProxy.dylib
0x00007ff81a274000 	/System/Library/Frameworks/Network.framework/Versions/A/Network
0x00007ff81f4c4000 	/usr/lib/libheimdal-asn1.dylib
0x00007ff821d8d000 	/System/Library/PrivateFrameworks/CommonAuth.framework/Versions/A/CommonAuth
0x00007ff8215bb000 	/System/Library/PrivateFrameworks/AudioSession.framework/Versions/A/AudioSession
0x00007ff81f554000 	/System/Library/PrivateFrameworks/MediaExperience.framework/Versions/A/MediaExperience
0x00007ff82144d000 	/System/Library/PrivateFrameworks/AudioSession.framework/libSessionUtility.dylib
0x00007ff8219e3000 	/System/Library/PrivateFrameworks/AudioResourceArbitration.framework/Versions/A/AudioResourceArbitration
0x00007ff825a64000 	/System/Library/PrivateFrameworks/PowerLog.framework/Versions/A/PowerLog
0x00007ff81f4cd000 	/System/Library/PrivateFrameworks/IconFoundation.framework/Versions/A/IconFoundation
0x00007ff82481a000 	/System/Library/PrivateFrameworks/SpeechRecognitionCore.framework/Versions/A/SpeechRecognitionCore
0x00000001050c2000 	/Users/hodann/Library/Java/JavaVirtualMachines/corretto-18.0.2/Contents/Home/lib/server/libjvm.dylib
0x0000000103faf000 	/Users/hodann/Library/Java/JavaVirtualMachines/corretto-18.0.2/Contents/Home/lib/libjimage.dylib
0x0000000103fd2000 	/Users/hodann/Library/Java/JavaVirtualMachines/corretto-18.0.2/Contents/Home/lib/libinstrument.dylib
0x0000000104014000 	/Users/hodann/Library/Java/JavaVirtualMachines/corretto-18.0.2/Contents/Home/lib/libjava.dylib
0x0000000104e9f000 	/Users/hodann/Library/Java/JavaVirtualMachines/corretto-18.0.2/Contents/Home/lib/libzip.dylib
0x0000000104eb3000 	/Users/hodann/Library/Java/JavaVirtualMachines/corretto-18.0.2/Contents/Home/lib/libnio.dylib
0x0000000104ecf000 	/Users/hodann/Library/Java/JavaVirtualMachines/corretto-18.0.2/Contents/Home/lib/libnet.dylib
0x0000000104000000 	/Users/hodann/Library/Java/JavaVirtualMachines/corretto-18.0.2/Contents/Home/lib/libextnet.dylib
0x0000000104f20000 	/private/var/folders/fd/5hvfwn491cz1prhtnnxlym4w0000gn/T/libgdxHarun/21f66466/libgdx64.dylib
0x0000000104f01000 	/Users/hodann/Library/Java/JavaVirtualMachines/corretto-18.0.2/Contents/Home/lib/libverify.dylib
0x0000000104ff7000 	/Users/hodann/Library/Java/JavaVirtualMachines/corretto-18.0.2/Contents/Home/lib/libawt.dylib
0x000000010fd1e000 	/Users/hodann/Library/Java/JavaVirtualMachines/corretto-18.0.2/Contents/Home/lib/libmlib_image.dylib
0x00007ffa322ad000 	/System/Library/Frameworks/JavaRuntimeSupport.framework/Versions/A/JavaRuntimeSupport
0x00007ff918e43000 	/System/Library/Frameworks/Carbon.framework/Versions/A/Carbon
0x00007ff826cde000 	/System/Library/PrivateFrameworks/CoreSymbolication.framework/Versions/A/CoreSymbolication
0x00007ff82c243000 	/System/Library/Frameworks/Carbon.framework/Versions/A/Frameworks/CommonPanels.framework/Versions/A/CommonPanels
0x00007ff828313000 	/System/Library/Frameworks/Carbon.framework/Versions/A/Frameworks/Help.framework/Versions/A/Help
0x00007ff82c247000 	/System/Library/Frameworks/Carbon.framework/Versions/A/Frameworks/ImageCapture.framework/Versions/A/ImageCapture
0x00007ff82c217000 	/System/Library/Frameworks/Carbon.framework/Versions/A/Frameworks/OpenScripting.framework/Versions/A/OpenScripting
0x00007ff82c23f000 	/System/Library/Frameworks/Carbon.framework/Versions/A/Frameworks/Ink.framework/Versions/A/Ink
0x00007ff918e3f000 	/System/Library/Frameworks/Carbon.framework/Versions/A/Frameworks/Print.framework/Versions/A/Print
0x00007ff82c23b000 	/System/Library/Frameworks/Carbon.framework/Versions/A/Frameworks/SecurityHI.framework/Versions/A/SecurityHI
0x00007ff826ca3000 	/System/Library/PrivateFrameworks/DebugSymbols.framework/Versions/A/DebugSymbols
0x000000010fee6000 	/Users/hodann/Library/Java/JavaVirtualMachines/corretto-18.0.2/Contents/Home/lib/libawt_lwawt.dylib
0x0000000104f81000 	/Users/hodann/Library/Java/JavaVirtualMachines/corretto-18.0.2/Contents/Home/lib/libosxapp.dylib
0x00007ff91810d000 	/System/Library/Frameworks/ExceptionHandling.framework/Versions/A/ExceptionHandling
0x00000001101a8000 	/Users/hodann/Library/Java/JavaVirtualMachines/corretto-18.0.2/Contents/Home/lib/libfontmanager.dylib
0x0000000110016000 	/Users/hodann/Library/Java/JavaVirtualMachines/corretto-18.0.2/Contents/Home/lib/libfreetype.dylib
0x00007ff8163b5000 	/System/Library/PrivateFrameworks/CoreServicesInternal.framework/Versions/A/CoreServicesInternal
0x00007ff826055000 	/System/Library/Frameworks/FileProvider.framework/Versions/A/FileProvider
0x00007ff81a057000 	/System/Library/Frameworks/Accounts.framework/Versions/A/Accounts
0x00007ff8261ce000 	/System/Library/PrivateFrameworks/GenerationalStorage.framework/Versions/A/GenerationalStorage
0x00007ff825a59000 	/System/Library/PrivateFrameworks/SymptomDiagnosticReporter.framework/Versions/A/SymptomDiagnosticReporter
0x00007ff817676000 	/System/Library/PrivateFrameworks/DesktopServicesPriv.framework/Versions/A/DesktopServicesPriv
0x00007ff8164f4000 	/usr/lib/libsandbox.1.dylib
0x00007ff81b3a3000 	/System/Library/PrivateFrameworks/UserManagement.framework/Versions/A/UserManagement
0x00007ff8219c4000 	/System/Library/PrivateFrameworks/NetAuth.framework/Versions/A/NetAuth
0x00007ff8228d3000 	/System/Library/PrivateFrameworks/Sharing.framework/Versions/A/Sharing
0x00007ff81b376000 	/System/Library/PrivateFrameworks/login.framework/Versions/A/Frameworks/loginsupport.framework/Versions/A/loginsupport
0x00007ff827e41000 	/System/Library/PrivateFrameworks/Apple80211.framework/Versions/A/Apple80211
0x00007ff81e57c000 	/System/Library/PrivateFrameworks/AuthKit.framework/Versions/A/AuthKit
0x00007ff81dbd1000 	/System/Library/PrivateFrameworks/CoreUtils.framework/Versions/A/CoreUtils
0x00007ff81daf8000 	/System/Library/Frameworks/CoreWLAN.framework/Versions/A/CoreWLAN
0x00007ff822a32000 	/System/Library/Frameworks/IOBluetooth.framework/Versions/A/IOBluetooth
0x00007ff827ea9000 	/System/Library/PrivateFrameworks/CoreWiFi.framework/Versions/A/CoreWiFi
0x00007ff826878000 	/System/Library/PrivateFrameworks/FrontBoardServices.framework/Versions/A/FrontBoardServices
0x00007ff826909000 	/System/Library/PrivateFrameworks/BoardServices.framework/Versions/A/BoardServices
0x00007ff81dde0000 	/System/Library/PrivateFrameworks/AssertionServices.framework/Versions/A/AssertionServices
0x00007ff82802c000 	/System/Library/PrivateFrameworks/BackBoardServices.framework/Versions/A/BackBoardServices
0x00007ff821e1e000 	/System/Library/PrivateFrameworks/CorePhoneNumbers.framework/Versions/A/CorePhoneNumbers
0x00007ff8216e2000 	/System/Library/PrivateFrameworks/MultiverseSupport.framework/Versions/A/MultiverseSupport
0x00007ff8282a0000 	/System/Library/PrivateFrameworks/RemoteServiceDiscovery.framework/Versions/A/RemoteServiceDiscovery
0x00007ff825b76000 	/System/Library/PrivateFrameworks/DiskManagement.framework/Versions/A/DiskManagement
0x00007ff825a8a000 	/System/Library/PrivateFrameworks/AppleIDAuthSupport.framework/Versions/A/AppleIDAuthSupport
0x00007ffb141c0000 	/System/Library/PrivateFrameworks/AAAFoundation.framework/Versions/A/AAAFoundation
0x00007ff821dff000 	/System/Library/PrivateFrameworks/KeychainCircle.framework/Versions/A/KeychainCircle
0x00007ff8282b0000 	/System/Library/PrivateFrameworks/RemoteXPC.framework/Versions/A/RemoteXPC
0x00007ff825b42000 	/System/Library/PrivateFrameworks/MediaKit.framework/Versions/A/MediaKit
0x00007ff825a96000 	/System/Library/Frameworks/DiscRecording.framework/Versions/A/DiscRecording
0x00007ff81f3d2000 	/usr/lib/libCoreStorage.dylib
0x00007ff82831b000 	/usr/lib/libcsfde.dylib
0x00007ff822aff000 	/System/Library/PrivateFrameworks/ProtectedCloudStorage.framework/Versions/A/ProtectedCloudStorage
0x00007ff828317000 	/System/Library/PrivateFrameworks/EFILogin.framework/Versions/A/EFILogin
0x00007ff8261f4000 	/System/Library/PrivateFrameworks/OctagonTrust.framework/Versions/A/OctagonTrust
0x00007ffb18aa8000 	/System/Library/PrivateFrameworks/CoreUtilsExtras.framework/Versions/A/CoreUtilsExtras
0x00007ff8259bd000 	/System/Library/Frameworks/CoreBluetooth.framework/Versions/A/CoreBluetooth
0x00007ff8289ac000 	/System/Library/Frameworks/AudioUnit.framework/Versions/A/AudioUnit
0x00007ff81f3ca000 	/usr/lib/libMatch.1.dylib
0x00007ff920bc7000 	/System/Library/CoreServices/RawCamera.bundle/Contents/MacOS/RawCamera
0x00007ff821d9d000 	/System/Library/PrivateFrameworks/MobileAsset.framework/Versions/A/MobileAsset
0x00007ff8289d3000 	/System/Library/PrivateFrameworks/StreamingZip.framework/Versions/A/StreamingZip
0x00007ffb15d9c000 	/System/Library/PrivateFrameworks/CMPhoto.framework/Versions/A/CMPhoto
0x00007ff826b79000 	/System/Library/PrivateFrameworks/AppleVPA.framework/Versions/A/AppleVPA
0x00007ff82077d000 	/System/Library/Frameworks/MediaToolbox.framework/Versions/A/MediaToolbox
0x00007ff826025000 	/System/Library/PrivateFrameworks/CoreAVCHD.framework/Versions/A/CoreAVCHD
0x00007ff824efa000 	/System/Library/Frameworks/MediaAccessibility.framework/Versions/A/MediaAccessibility
0x00007ff826021000 	/System/Library/PrivateFrameworks/Mangrove.framework/Versions/A/Mangrove
0x00007ff824f05000 	/System/Library/PrivateFrameworks/AlgosScoreFramework.framework/Versions/A/AlgosScoreFramework
0x00007ff825c66000 	/System/Library/PrivateFrameworks/CoreAUC.framework/Versions/A/CoreAUC
0x00007ff91e3f0000 	/System/Library/Frameworks/Accelerate.framework/Versions/A/Frameworks/vImage.framework/Versions/A/Libraries/libCGInterfaces.dylib
0x000000010feaf000 	/usr/lib/libobjc-trampolines.dylib
0x00007ff81b09b000 	/System/Library/PrivateFrameworks/ViewBridge.framework/Versions/A/ViewBridge
0x0000000130e9b000 	/private/var/folders/fd/5hvfwn491cz1prhtnnxlym4w0000gn/T/libgdxHarun/f7649394/liblwjgl.dylib
0x0000000130e19000 	/Users/hodann/Library/Java/JavaVirtualMachines/corretto-18.0.2/Contents/Home/lib/libjawt.dylib
0x0000000130e29000 	/private/var/folders/fd/5hvfwn491cz1prhtnnxlym4w0000gn/T/libgdxHarun/f7649394/openal.dylib
0x0000000131204000 	/System/Library/Components/CoreAudio.component/Contents/MacOS/CoreAudio
0x0000000130f50000 	/System/Library/Extensions/AppleHDA.kext/Contents/PlugIns/AppleHDAHALPlugIn.bundle/Contents/MacOS/AppleHDAHALPlugIn
0x00007ffa33529000 	/System/Library/Frameworks/OpenAL.framework/Versions/A/OpenAL
0x0000000132663000 	/System/Library/Components/AudioDSP.component/Contents/MacOS/AudioDSP
0x00007ff919137000 	/System/Library/Frameworks/AVFoundation.framework/Versions/A/AVFoundation
0x00007ffa30f5b000 	/System/Library/Frameworks/AVFAudio.framework/Versions/A/AVFAudio
0x00007ff826688000 	/System/Library/PrivateFrameworks/AVFCore.framework/Versions/A/AVFCore
0x00007ff82d903000 	/System/Library/PrivateFrameworks/AVFCapture.framework/Versions/A/AVFCapture
0x00007ff917daa000 	/System/Library/PrivateFrameworks/AirPlaySync.framework/Versions/A/AirPlaySync
0x00007ffb15d85000 	/System/Library/PrivateFrameworks/CMImaging.framework/Versions/A/CMImaging
0x00007ff82da55000 	/System/Library/PrivateFrameworks/Quagga.framework/Versions/A/Quagga
0x00007ff9137b4000 	/System/Library/PrivateFrameworks/CMCapture.framework/Versions/A/CMCapture
0x00007ff8217a4000 	/System/Library/Frameworks/CoreMediaIO.framework/Versions/A/CoreMediaIO
0x00007ff828ad4000 	/System/Library/PrivateFrameworks/Espresso.framework/Versions/A/Espresso
0x00007ff82839d000 	/System/Library/PrivateFrameworks/AppSupport.framework/Versions/A/AppSupport
0x00007ffa1f4d3000 	/System/Library/PrivateFrameworks/ANECompiler.framework/Versions/A/ANECompiler
0x00007ff82a724000 	/System/Library/PrivateFrameworks/AppleNeuralEngine.framework/Versions/A/AppleNeuralEngine
0x00007ffb1c35e000 	/System/Library/PrivateFrameworks/MIL.framework/Versions/A/MIL
0x00007ffa32357000 	/System/Library/Frameworks/MetalPerformanceShadersGraph.framework/Versions/A/MetalPerformanceShadersGraph
0x00007ff829673000 	/System/Library/PrivateFrameworks/ANEServices.framework/Versions/A/ANEServices
0x00007ff91db97000 	/usr/lib/libncurses.5.4.dylib
0x00007ffb2c1db000 	/usr/lib/libAudioDSPCore.dylib
0x00007ffa2ca97000 	/System/Library/Frameworks/OpenGL.framework/Versions/A/Resources/GLEngine.bundle/GLEngine
0x00007ffa2c8fd000 	/System/Library/Frameworks/OpenGL.framework/Versions/A/Libraries/libGLProgrammability.dylib
0x00007ffa25269000 	/System/Library/Extensions/AppleIntelBDWGraphicsGLDriver.bundle/Contents/MacOS/AppleIntelBDWGraphicsGLDriver
0x00007ff923f67000 	/System/Library/PrivateFrameworks/GPUSupport.framework/Versions/A/Libraries/libGPUSupportMercury.dylib
0x00007ffa2cc21000 	/System/Library/Frameworks/OpenGL.framework/Versions/A/Resources/GLRendererFloat.bundle/GLRendererFloat
0x00007ff81fb21000 	/System/Library/PrivateFrameworks/login.framework/Versions/A/login


VM Arguments:
jvm_args: -javaagent:/Applications/IntelliJ IDEA.app/Contents/lib/idea_rt.jar=52320:/Applications/IntelliJ IDEA.app/Contents/bin -Dfile.encoding=UTF-8 
java_command: dk.sdu.mmmi.cbse.main.Main
java_class_path (initial): /Users/hodann/Documents/SB4-KOM/AsteroidsEntityFramework/Core/target/classes:/Users/hodann/.m2/repository/com/badlogicgames/gdx/gdx/1.11.0/gdx-1.11.0.jar:/Users/hodann/.m2/repository/com/badlogicgames/gdx/gdx-jnigen-loader/2.3.1/gdx-jnigen-loader-2.3.1.jar:/Users/hodann/.m2/repository/com/badlogicgames/gdx/gdx-platform/1.11.0/gdx-platform-1.11.0-natives-desktop.jar:/Users/hodann/.m2/repository/com/badlogicgames/gdx/gdx-backend-lwjgl/1.11.0/gdx-backend-lwjgl-1.11.0.jar:/Users/hodann/.m2/repository/org/lwjgl/lwjgl/lwjgl/2.9.3/lwjgl-2.9.3.jar:/Users/hodann/.m2/repository/org/lwjgl/lwjgl/lwjgl-platform/2.9.3/lwjgl-platform-2.9.3-natives-windows.jar:/Users/hodann/.m2/repository/org/lwjgl/lwjgl/lwjgl-platform/2.9.3/lwjgl-platform-2.9.3-natives-linux.jar:/Users/hodann/.m2/repository/org/lwjgl/lwjgl/lwjgl-platform/2.9.3/lwjgl-platform-2.9.3-natives-osx.jar:/Users/hodann/.m2/repository/net/java/jinput/jinput/2.0.5/jinput-2.0.5.jar:/Users/hodann/.m2/repository/net/java/jutils/jutils/1.0.0/jutils-1.0.0.jar:/Users/hodann/.m2/repository/net/java/jinput/jinput-platform/2.0.5/jinput-platform-2.0.5-natives-linux.jar:/Users/hodann/.m2/repository/net/java/jinput/jinput-platform/2.0.5/jinput-platform-2.0.5-natives-windows.jar:/Users/hodann/.m2/repository/net/java/jinput/jinput-platform/2.0.5/jinput-platform-2.0.5-natives-osx.jar:/Users/hodann/.m2/repository/com/badlogicgames/jlayer/jlayer/1.0.1-gdx/jlayer-1.0.1-gdx.jar:/Users/hodann/.m2/repository/org/jcraft/jorbis/0.0.17/jorbis-0.0.17.jar:/Users/hodann/.m2/repository/com/badlogicgames/gdx/gdx-box2d/1.11.0/gdx-box2d-1.11.0.jar:/Users/hodann/.m2/repository/com/badlogicgames/gdx/gdx-box2d-platform/1.11.0/gdx-box2d-platform-1.11.0-natives-desktop.jar:/Users/hodann/.m2/repository/com/badlogicgames/gdx/gdx-freetype/1.11.0/gdx-freetype-1.11.0.jar:/Users/hodann/.m2/repository/com/badlogicgames/gdx/gdx-freetype-platform/1.11.0/gdx-freetype-platform-1.11.0-natives-desktop.jar:/Users/hodann/Documents/SB4-KOM/AsteroidsNetbeansModules/Player/target/classes:/Users/hodann/Documents/SB4-KOM/AsteroidsNetbeansModules/Enemy/target/classes:/Users/hodann/Documents/SB4-KOM/AsteroidsLibGDX/target/classes:/Users/hodann/Documents/SB4-KOM/AsteroidsNetbeansModules/CommonEnemy/target/classes:/Users/hodann/.m2/repository/org/netbeans/api/org-netbeans-api-annotations-common/RELEASE150/org-netbeans-api-annotations-common-RELEASE150.jar:/Users/hodann/Documents/SB4-KOM/AsteroidsServiceLoader/Common/target/classes
Launcher Type: SUN_STANDARD

[Global flags]
     intx CICompilerCount                          = 3                                         {product} {ergonomic}
     uint ConcGCThreads                            = 1                                         {product} {ergonomic}
     uint G1ConcRefinementThreads                  = 4                                         {product} {ergonomic}
   size_t G1HeapRegionSize                         = 1048576                                   {product} {ergonomic}
    uintx GCDrainStackTargetSize                   = 64                                        {product} {ergonomic}
   size_t InitialHeapSize                          = 134217728                                 {product} {ergonomic}
   size_t MarkStackSize                            = 4194304                                   {product} {ergonomic}
   size_t MaxHeapSize                              = 2147483648                                {product} {ergonomic}
   size_t MaxNewSize                               = 1287651328                                {product} {ergonomic}
   size_t MinHeapDeltaBytes                        = 1048576                                   {product} {ergonomic}
   size_t MinHeapSize                              = 8388608                                   {product} {ergonomic}
    uintx NonNMethodCodeHeapSize                   = 5832780                                {pd product} {ergonomic}
    uintx NonProfiledCodeHeapSize                  = 122912730                              {pd product} {ergonomic}
    uintx ProfiledCodeHeapSize                     = 122912730                              {pd product} {ergonomic}
    uintx ReservedCodeCacheSize                    = 251658240                              {pd product} {ergonomic}
     bool SegmentedCodeCache                       = true                                      {product} {ergonomic}
   size_t SoftMaxHeapSize                          = 2147483648                             {manageable} {ergonomic}
     bool UseCompressedClassPointers               = true                           {product lp64_product} {ergonomic}
     bool UseCompressedOops                        = true                           {product lp64_product} {ergonomic}
     bool UseG1GC                                  = true                                      {product} {ergonomic}
     bool UseNUMA                                  = false                                     {product} {ergonomic}
     bool UseNUMAInterleaving                      = false                                     {product} {ergonomic}

Logging:
Log output configuration:
 #0: stdout all=warning uptime,level,tags foldmultilines=false
 #1: stderr all=off uptime,level,tags foldmultilines=false

Environment Variables:
PATH=/Library/Frameworks/Python.framework/Versions/3.10/bin:/usr/local/bin:/usr/bin:/bin:/usr/sbin:/sbin:/usr/local/share/dotnet:~/.dotnet/tools
SHELL=/bin/zsh
LC_CTYPE=da_DK.UTF-8

Signal Handlers:
   SIGSEGV: _ZL13crash_handleriP9__siginfoPv in libjvm.dylib, mask=11100110000111110111111111111111, flags=SA_RESTART|SA_SIGINFO
    SIGBUS: _ZL13crash_handleriP9__siginfoPv in libjvm.dylib, mask=11100110000111110111111111111111, flags=SA_RESTART|SA_SIGINFO
    SIGFPE: _ZL13crash_handleriP9__siginfoPv in libjvm.dylib, mask=11100110000111110111111111111111, flags=SA_RESTART|SA_SIGINFO
   SIGPIPE: _ZL17javaSignalHandleriP9__siginfoPv in libjvm.dylib, mask=11100110000111110111111111111111, flags=SA_RESTART|SA_SIGINFO
   SIGXFSZ: _ZL17javaSignalHandleriP9__siginfoPv in libjvm.dylib, mask=11100110000111110111111111111111, flags=SA_RESTART|SA_SIGINFO
    SIGILL: _ZL13crash_handleriP9__siginfoPv in libjvm.dylib, mask=11100110000111110111111111111111, flags=SA_RESTART|SA_SIGINFO
   SIGUSR2: _ZL10SR_handleriP9__siginfoP17__darwin_ucontext in libjvm.dylib, mask=00100000000000000000000000000000, flags=SA_RESTART|SA_SIGINFO
    SIGHUP: _ZL11UserHandleriPvS_ in libjvm.dylib, mask=11100110000111110111111111111111, flags=SA_RESTART|SA_SIGINFO
    SIGINT: _ZL11UserHandleriPvS_ in libjvm.dylib, mask=11100110000111110111111111111111, flags=SA_RESTART|SA_SIGINFO
   SIGTERM: _ZL11UserHandleriPvS_ in libjvm.dylib, mask=11100110000111110111111111111111, flags=SA_RESTART|SA_SIGINFO
   SIGQUIT: _ZL11UserHandleriPvS_ in libjvm.dylib, mask=11100110000111110111111111111111, flags=SA_RESTART|SA_SIGINFO
   SIGTRAP: _ZL13crash_handleriP9__siginfoPv in libjvm.dylib, mask=11100110000111110111111111111111, flags=SA_RESTART|SA_SIGINFO


---------------  S Y S T E M  ---------------

OS:
uname: Darwin 21.6.0 Darwin Kernel Version 21.6.0: Mon Dec 19 20:44:01 PST 2022; root:xnu-8020.240.18~2/RELEASE_X86_64 x86_64
OS uptime: 15 days 8:15 hours
rlimit (soft/hard): STACK 8192k/65532k , CORE 0k/infinity , NPROC 1392/2088 , NOFILE 10240/infinity , AS infinity/infinity , CPU infinity/infinity , DATA infinity/infinity , FSIZE infinity/infinity , MEMLOCK infinity/infinity , RSS infinity/infinity
load average: 5.59 5.18 5.56

CPU: total 4 (initial active 4) (2 cores per cpu, 2 threads per core) family 6 model 61 stepping 4 microcode 0x2f, cx8, cmov, fxsr, ht, mmx, 3dnowpref, sse, sse2, sse3, ssse3, sse4.1, sse4.2, popcnt, lzcnt, tsc, tscinvbit, avx, avx2, aes, erms, clmul, bmi1, bmi2, rtm, adx, fma, vzeroupper, clflush

Memory: 4k page, physical 8388608k(55436k free), swap 4194304k(402176k free)

vm_info: OpenJDK 64-Bit Server VM (18.0.2+9-FR) for bsd-amd64 JRE (18.0.2+9-FR), built on Jul 15 2022 19:45:06 by "ec2user" with clang Apple LLVM 13.0.0 (clang-1300.0.29.30)

END.
